2024-11-23 12:53:08.638 | DEBUG    | arguments:log:180 - Arguments: 
Batch Size: 10
Test Batch Size: 1000
Epochs: 10
Learning Rate: 0.01
Momentum: 0.5
CUDA Enabled: True
Shuffle Enabled: False
Log Interval: 100
Scheduler Step Size: 50
Scheduler Gamma: 0.5
Scheduler Minimum Learning Rate: 1e-10
Client Selection Strategy: <selection.RandomSelectionStrategy object at 0x78751b3ddf10>
Client Selection Strategy Arguments: {
    "NUM_WORKERS_PER_ROUND": 10
}
Model Saving Enabled: False
Model Saving Interval: 1
Model Saving Path (Relative): 0_models
Epoch Save Start Prefix: start
Epoch Save End Suffix: end
Number of Clients: 10
Number of Poisoned Clients: 5
NN: <class 'models.FashionMNISTCNN'>
Train Data Loader Path: /mnt/ssd1/zhanghanxiu/dataset/FashionMNIST/train_data_loader.pickle
Test Data Loader Path: /mnt/ssd1/zhanghanxiu/dataset/FashionMNIST/test_data_loader.pickle
Loss Function: <class 'torch.nn.modules.loss.CrossEntropyLoss'>
Default Model Folder Path: /mnt/ssd1/zhanghanxiu/model/poison_fedavg/default_model
Data Path: /mnt/ssd1/zhanghanxiu/dataset/poison_fedavg

2024-11-23 12:53:08.638 | INFO     | dataloaders:load_data_loader_from_file:63 - Loading data loader from file: /mnt/ssd1/zhanghanxiu/dataset/FashionMNIST/train_data_loader.pickle
2024-11-23 12:53:08.850 | INFO     | dataloaders:load_data_loader_from_file:63 - Loading data loader from file: /mnt/ssd1/zhanghanxiu/dataset/FashionMNIST/test_data_loader.pickle
2024-11-23 12:53:09.916 | INFO     | attack:poison_data:37 - Poisoning data for workers: [5, 3, 0, 9, 1]
2024-11-23 12:53:09.922 | INFO     | exp_utils:log_client_data_statistics:107 - Client #0 has data distribution: [595, 0, 611, 584, 605, 572, 618, 595, 603, 1217]
2024-11-23 12:53:09.923 | INFO     | exp_utils:log_client_data_statistics:107 - Client #1 has data distribution: [598, 0, 626, 585, 607, 607, 599, 582, 607, 1189]
2024-11-23 12:53:09.924 | INFO     | exp_utils:log_client_data_statistics:107 - Client #2 has data distribution: [588, 598, 570, 612, 623, 608, 604, 613, 623, 561]
2024-11-23 12:53:09.924 | INFO     | exp_utils:log_client_data_statistics:107 - Client #3 has data distribution: [617, 0, 624, 584, 544, 595, 633, 606, 600, 1197]
2024-11-23 12:53:09.925 | INFO     | exp_utils:log_client_data_statistics:107 - Client #4 has data distribution: [602, 579, 607, 606, 593, 585, 608, 609, 622, 589]
2024-11-23 12:53:09.926 | INFO     | exp_utils:log_client_data_statistics:107 - Client #5 has data distribution: [609, 0, 584, 582, 615, 628, 611, 595, 581, 1195]
2024-11-23 12:53:09.927 | INFO     | exp_utils:log_client_data_statistics:107 - Client #6 has data distribution: [570, 639, 621, 637, 590, 574, 605, 604, 566, 594]
2024-11-23 12:53:09.928 | INFO     | exp_utils:log_client_data_statistics:107 - Client #7 has data distribution: [601, 603, 620, 603, 645, 590, 554, 570, 587, 627]
2024-11-23 12:53:09.928 | INFO     | exp_utils:log_client_data_statistics:107 - Client #8 has data distribution: [605, 573, 585, 608, 589, 636, 595, 598, 595, 616]
2024-11-23 12:53:09.929 | INFO     | exp_utils:log_client_data_statistics:107 - Client #9 has data distribution: [615, 0, 552, 599, 589, 605, 573, 628, 616, 1223]
2024-11-23 12:53:10.578 | INFO     | server:train_subset_of_clients:41 - Training epoch #1 on client #3
2024-11-23 12:53:10.796 | INFO     | Client:train:139 - [1,     0] loss: 0.023
2024-11-23 12:53:10.941 | INFO     | Client:train:139 - [1,   100] loss: 1.183
2024-11-23 12:53:11.069 | INFO     | Client:train:139 - [1,   200] loss: 0.696
2024-11-23 12:53:11.196 | INFO     | Client:train:139 - [1,   300] loss: 0.692
2024-11-23 12:53:11.324 | INFO     | Client:train:139 - [1,   400] loss: 0.582
2024-11-23 12:53:11.451 | INFO     | Client:train:139 - [1,   500] loss: 0.529
2024-11-23 12:53:11.578 | INFO     | server:train_subset_of_clients:41 - Training epoch #1 on client #4
2024-11-23 12:53:11.580 | INFO     | Client:train:139 - [1,     0] loss: 0.024
2024-11-23 12:53:11.707 | INFO     | Client:train:139 - [1,   100] loss: 1.093
2024-11-23 12:53:11.838 | INFO     | Client:train:139 - [1,   200] loss: 0.824
2024-11-23 12:53:11.970 | INFO     | Client:train:139 - [1,   300] loss: 0.775
2024-11-23 12:53:12.099 | INFO     | Client:train:139 - [1,   400] loss: 0.518
2024-11-23 12:53:12.227 | INFO     | Client:train:139 - [1,   500] loss: 0.597
2024-11-23 12:53:12.354 | INFO     | server:train_subset_of_clients:41 - Training epoch #1 on client #9
2024-11-23 12:53:12.355 | INFO     | Client:train:139 - [1,     0] loss: 0.022
2024-11-23 12:53:12.484 | INFO     | Client:train:139 - [1,   100] loss: 1.152
2024-11-23 12:53:12.612 | INFO     | Client:train:139 - [1,   200] loss: 0.764
2024-11-23 12:53:12.741 | INFO     | Client:train:139 - [1,   300] loss: 0.590
2024-11-23 12:53:12.869 | INFO     | Client:train:139 - [1,   400] loss: 0.548
2024-11-23 12:53:12.998 | INFO     | Client:train:139 - [1,   500] loss: 0.559
2024-11-23 12:53:13.124 | INFO     | server:train_subset_of_clients:41 - Training epoch #1 on client #8
2024-11-23 12:53:13.126 | INFO     | Client:train:139 - [1,     0] loss: 0.022
2024-11-23 12:53:13.256 | INFO     | Client:train:139 - [1,   100] loss: 1.135
2024-11-23 12:53:13.385 | INFO     | Client:train:139 - [1,   200] loss: 0.761
2024-11-23 12:53:13.513 | INFO     | Client:train:139 - [1,   300] loss: 0.671
2024-11-23 12:53:13.643 | INFO     | Client:train:139 - [1,   400] loss: 0.570
2024-11-23 12:53:13.778 | INFO     | Client:train:139 - [1,   500] loss: 0.593
2024-11-23 12:53:13.906 | INFO     | server:train_subset_of_clients:41 - Training epoch #1 on client #1
2024-11-23 12:53:13.908 | INFO     | Client:train:139 - [1,     0] loss: 0.024
2024-11-23 12:53:14.037 | INFO     | Client:train:139 - [1,   100] loss: 1.025
2024-11-23 12:53:14.165 | INFO     | Client:train:139 - [1,   200] loss: 0.881
2024-11-23 12:53:14.295 | INFO     | Client:train:139 - [1,   300] loss: 0.629
2024-11-23 12:53:14.423 | INFO     | Client:train:139 - [1,   400] loss: 0.505
2024-11-23 12:53:14.553 | INFO     | Client:train:139 - [1,   500] loss: 0.592
2024-11-23 12:53:14.680 | INFO     | server:train_subset_of_clients:41 - Training epoch #1 on client #6
2024-11-23 12:53:14.682 | INFO     | Client:train:139 - [1,     0] loss: 0.030
2024-11-23 12:53:14.811 | INFO     | Client:train:139 - [1,   100] loss: 1.142
2024-11-23 12:53:14.938 | INFO     | Client:train:139 - [1,   200] loss: 0.644
2024-11-23 12:53:15.067 | INFO     | Client:train:139 - [1,   300] loss: 0.585
2024-11-23 12:53:15.194 | INFO     | Client:train:139 - [1,   400] loss: 0.581
2024-11-23 12:53:15.321 | INFO     | Client:train:139 - [1,   500] loss: 0.616
2024-11-23 12:53:15.448 | INFO     | server:train_subset_of_clients:41 - Training epoch #1 on client #2
2024-11-23 12:53:15.450 | INFO     | Client:train:139 - [1,     0] loss: 0.025
2024-11-23 12:53:15.578 | INFO     | Client:train:139 - [1,   100] loss: 1.192
2024-11-23 12:53:15.706 | INFO     | Client:train:139 - [1,   200] loss: 0.718
2024-11-23 12:53:15.839 | INFO     | Client:train:139 - [1,   300] loss: 0.673
2024-11-23 12:53:15.971 | INFO     | Client:train:139 - [1,   400] loss: 0.596
2024-11-23 12:53:16.098 | INFO     | Client:train:139 - [1,   500] loss: 0.576
2024-11-23 12:53:16.223 | INFO     | server:train_subset_of_clients:41 - Training epoch #1 on client #5
2024-11-23 12:53:16.225 | INFO     | Client:train:139 - [1,     0] loss: 0.023
2024-11-23 12:53:16.352 | INFO     | Client:train:139 - [1,   100] loss: 1.100
2024-11-23 12:53:16.478 | INFO     | Client:train:139 - [1,   200] loss: 0.753
2024-11-23 12:53:16.604 | INFO     | Client:train:139 - [1,   300] loss: 0.680
2024-11-23 12:53:16.731 | INFO     | Client:train:139 - [1,   400] loss: 0.554
2024-11-23 12:53:16.859 | INFO     | Client:train:139 - [1,   500] loss: 0.573
2024-11-23 12:53:16.988 | INFO     | server:train_subset_of_clients:41 - Training epoch #1 on client #0
2024-11-23 12:53:16.990 | INFO     | Client:train:139 - [1,     0] loss: 0.018
2024-11-23 12:53:17.117 | INFO     | Client:train:139 - [1,   100] loss: 1.212
2024-11-23 12:53:17.246 | INFO     | Client:train:139 - [1,   200] loss: 0.697
2024-11-23 12:53:17.375 | INFO     | Client:train:139 - [1,   300] loss: 0.742
2024-11-23 12:53:17.503 | INFO     | Client:train:139 - [1,   400] loss: 0.531
2024-11-23 12:53:17.631 | INFO     | Client:train:139 - [1,   500] loss: 0.559
2024-11-23 12:53:17.759 | INFO     | server:train_subset_of_clients:41 - Training epoch #1 on client #7
2024-11-23 12:53:17.761 | INFO     | Client:train:139 - [1,     0] loss: 0.025
2024-11-23 12:53:17.889 | INFO     | Client:train:139 - [1,   100] loss: 1.105
2024-11-23 12:53:18.019 | INFO     | Client:train:139 - [1,   200] loss: 0.697
2024-11-23 12:53:18.147 | INFO     | Client:train:139 - [1,   300] loss: 0.659
2024-11-23 12:53:18.280 | INFO     | Client:train:139 - [1,   400] loss: 0.655
2024-11-23 12:53:18.409 | INFO     | Client:train:139 - [1,   500] loss: 0.606
2024-11-23 12:53:18.538 | INFO     | server:train_subset_of_clients:44 - Averaging client parameters
2024-11-23 12:53:18.547 | INFO     | server:train_subset_of_clients:56 - Updating parameters on client #0
2024-11-23 12:53:18.558 | INFO     | server:train_subset_of_clients:56 - Updating parameters on client #1
2024-11-23 12:53:18.559 | INFO     | server:train_subset_of_clients:56 - Updating parameters on client #2
2024-11-23 12:53:18.561 | INFO     | server:train_subset_of_clients:56 - Updating parameters on client #3
2024-11-23 12:53:18.562 | INFO     | server:train_subset_of_clients:56 - Updating parameters on client #4
2024-11-23 12:53:18.563 | INFO     | server:train_subset_of_clients:56 - Updating parameters on client #5
2024-11-23 12:53:18.565 | INFO     | server:train_subset_of_clients:56 - Updating parameters on client #6
2024-11-23 12:53:18.566 | INFO     | server:train_subset_of_clients:56 - Updating parameters on client #7
2024-11-23 12:53:18.567 | INFO     | server:train_subset_of_clients:56 - Updating parameters on client #8
2024-11-23 12:53:18.568 | INFO     | server:train_subset_of_clients:56 - Updating parameters on client #9
2024-11-23 12:53:18.658 | DEBUG    | Client:test:203 - Test set: Accuracy: 7572/10000 (76%)
2024-11-23 12:53:18.658 | DEBUG    | Client:test:204 - Test set: Loss: 6.016023933887482
2024-11-23 12:53:18.677 | DEBUG    | Client:test:205 - Classification Report:
              precision    recall  f1-score   support

           0       0.73      0.87      0.80      1000
           1       1.00      0.02      0.05      1000
           2       0.76      0.78      0.77      1000
           3       0.75      0.89      0.81      1000
           4       0.69      0.85      0.76      1000
           5       0.96      0.92      0.94      1000
           6       0.75      0.39      0.52      1000
           7       0.92      0.92      0.92      1000
           8       0.95      0.96      0.95      1000
           9       0.52      0.96      0.68      1000

    accuracy                           0.76     10000
   macro avg       0.80      0.76      0.72     10000
weighted avg       0.80      0.76      0.72     10000

2024-11-23 12:53:18.677 | DEBUG    | Client:test:206 - Confusion Matrix:
[[873   0  14  55   7   5  31   0  15   0]
 [  7  24  11 149  20   0   4   0   2 783]
 [ 21   0 782   9 143   1  38   0   6   0]
 [ 29   0  10 887  47   1  23   0   3   0]
 [  1   0  83  31 854   1  28   0   2   0]
 [  0   0   0   3   0 923   0  46   2  26]
 [253   0 120  39 169   3 393   0  21   2]
 [  0   0   0   0   0  17   0 915   1  67]
 [  4   0   5  10   6   4   8   4 957   2]
 [  0   0   0   0   0   2   0  33   1 964]]
2024-11-23 12:53:18.678 | DEBUG    | Client:test:207 - Class precision: [0.73484848 1.         0.76292683 0.74978867 0.68539326 0.96447231
 0.74857143 0.91683367 0.94752475 0.52277657]
2024-11-23 12:53:18.678 | DEBUG    | Client:test:208 - Class recall: [0.873 0.024 0.782 0.887 0.854 0.923 0.393 0.915 0.957 0.964]
2024-11-23 12:53:18.679 | INFO     | server:train_subset_of_clients:41 - Training epoch #2 on client #8
2024-11-23 12:53:18.681 | INFO     | Client:train:139 - [2,     0] loss: 0.002
2024-11-23 12:53:18.818 | INFO     | Client:train:139 - [2,   100] loss: 0.505
2024-11-23 12:53:18.950 | INFO     | Client:train:139 - [2,   200] loss: 0.508
2024-11-23 12:53:19.085 | INFO     | Client:train:139 - [2,   300] loss: 0.438
2024-11-23 12:53:19.218 | INFO     | Client:train:139 - [2,   400] loss: 0.450
2024-11-23 12:53:19.347 | INFO     | Client:train:139 - [2,   500] loss: 0.463
2024-11-23 12:53:19.472 | INFO     | server:train_subset_of_clients:41 - Training epoch #2 on client #3
2024-11-23 12:53:19.474 | INFO     | Client:train:139 - [2,     0] loss: 0.004
2024-11-23 12:53:19.604 | INFO     | Client:train:139 - [2,   100] loss: 0.523
2024-11-23 12:53:19.731 | INFO     | Client:train:139 - [2,   200] loss: 0.522
2024-11-23 12:53:19.861 | INFO     | Client:train:139 - [2,   300] loss: 0.483
2024-11-23 12:53:19.989 | INFO     | Client:train:139 - [2,   400] loss: 0.434
2024-11-23 12:53:20.118 | INFO     | Client:train:139 - [2,   500] loss: 0.486
2024-11-23 12:53:20.246 | INFO     | server:train_subset_of_clients:41 - Training epoch #2 on client #4
2024-11-23 12:53:20.248 | INFO     | Client:train:139 - [2,     0] loss: 0.004
2024-11-23 12:53:20.375 | INFO     | Client:train:139 - [2,   100] loss: 0.504
2024-11-23 12:53:20.503 | INFO     | Client:train:139 - [2,   200] loss: 0.522
2024-11-23 12:53:20.631 | INFO     | Client:train:139 - [2,   300] loss: 0.531
2024-11-23 12:53:20.759 | INFO     | Client:train:139 - [2,   400] loss: 0.498
2024-11-23 12:53:20.888 | INFO     | Client:train:139 - [2,   500] loss: 0.453
2024-11-23 12:53:21.014 | INFO     | server:train_subset_of_clients:41 - Training epoch #2 on client #6
2024-11-23 12:53:21.016 | INFO     | Client:train:139 - [2,     0] loss: 0.004
2024-11-23 12:53:21.143 | INFO     | Client:train:139 - [2,   100] loss: 0.493
2024-11-23 12:53:21.270 | INFO     | Client:train:139 - [2,   200] loss: 0.504
2024-11-23 12:53:21.397 | INFO     | Client:train:139 - [2,   300] loss: 0.483
2024-11-23 12:53:21.523 | INFO     | Client:train:139 - [2,   400] loss: 0.398
2024-11-23 12:53:21.649 | INFO     | Client:train:139 - [2,   500] loss: 0.443
2024-11-23 12:53:21.776 | INFO     | server:train_subset_of_clients:41 - Training epoch #2 on client #0
2024-11-23 12:53:21.778 | INFO     | Client:train:139 - [2,     0] loss: 0.003
2024-11-23 12:53:21.905 | INFO     | Client:train:139 - [2,   100] loss: 0.562
2024-11-23 12:53:22.032 | INFO     | Client:train:139 - [2,   200] loss: 0.470
2024-11-23 12:53:22.158 | INFO     | Client:train:139 - [2,   300] loss: 0.455
2024-11-23 12:53:22.285 | INFO     | Client:train:139 - [2,   400] loss: 0.496
2024-11-23 12:53:22.412 | INFO     | Client:train:139 - [2,   500] loss: 0.470
2024-11-23 12:53:22.537 | INFO     | server:train_subset_of_clients:41 - Training epoch #2 on client #5
2024-11-23 12:53:22.539 | INFO     | Client:train:139 - [2,     0] loss: 0.002
2024-11-23 12:53:22.666 | INFO     | Client:train:139 - [2,   100] loss: 0.472
2024-11-23 12:53:22.795 | INFO     | Client:train:139 - [2,   200] loss: 0.509
2024-11-23 12:53:22.921 | INFO     | Client:train:139 - [2,   300] loss: 0.458
2024-11-23 12:53:23.047 | INFO     | Client:train:139 - [2,   400] loss: 0.436
2024-11-23 12:53:23.176 | INFO     | Client:train:139 - [2,   500] loss: 0.481
2024-11-23 12:53:23.306 | INFO     | server:train_subset_of_clients:41 - Training epoch #2 on client #1
2024-11-23 12:53:23.307 | INFO     | Client:train:139 - [2,     0] loss: 0.012
2024-11-23 12:53:23.435 | INFO     | Client:train:139 - [2,   100] loss: 0.533
2024-11-23 12:53:23.564 | INFO     | Client:train:139 - [2,   200] loss: 0.479
2024-11-23 12:53:23.692 | INFO     | Client:train:139 - [2,   300] loss: 0.414
2024-11-23 12:53:23.828 | INFO     | Client:train:139 - [2,   400] loss: 0.460
2024-11-23 12:53:23.961 | INFO     | Client:train:139 - [2,   500] loss: 0.487
2024-11-23 12:53:24.095 | INFO     | server:train_subset_of_clients:41 - Training epoch #2 on client #2
2024-11-23 12:53:24.097 | INFO     | Client:train:139 - [2,     0] loss: 0.001
2024-11-23 12:53:24.232 | INFO     | Client:train:139 - [2,   100] loss: 0.473
2024-11-23 12:53:24.368 | INFO     | Client:train:139 - [2,   200] loss: 0.556
2024-11-23 12:53:24.501 | INFO     | Client:train:139 - [2,   300] loss: 0.488
2024-11-23 12:53:24.636 | INFO     | Client:train:139 - [2,   400] loss: 0.476
2024-11-23 12:53:24.769 | INFO     | Client:train:139 - [2,   500] loss: 0.460
2024-11-23 12:53:24.901 | INFO     | server:train_subset_of_clients:41 - Training epoch #2 on client #7
2024-11-23 12:53:24.903 | INFO     | Client:train:139 - [2,     0] loss: 0.005
2024-11-23 12:53:25.038 | INFO     | Client:train:139 - [2,   100] loss: 0.489
2024-11-23 12:53:25.170 | INFO     | Client:train:139 - [2,   200] loss: 0.524
2024-11-23 12:53:25.303 | INFO     | Client:train:139 - [2,   300] loss: 0.542
2024-11-23 12:53:25.435 | INFO     | Client:train:139 - [2,   400] loss: 0.373
2024-11-23 12:53:25.567 | INFO     | Client:train:139 - [2,   500] loss: 0.495
2024-11-23 12:53:25.698 | INFO     | server:train_subset_of_clients:41 - Training epoch #2 on client #9
2024-11-23 12:53:25.700 | INFO     | Client:train:139 - [2,     0] loss: 0.002
2024-11-23 12:53:25.830 | INFO     | Client:train:139 - [2,   100] loss: 0.449
2024-11-23 12:53:25.958 | INFO     | Client:train:139 - [2,   200] loss: 0.476
2024-11-23 12:53:26.086 | INFO     | Client:train:139 - [2,   300] loss: 0.473
2024-11-23 12:53:26.214 | INFO     | Client:train:139 - [2,   400] loss: 0.408
2024-11-23 12:53:26.341 | INFO     | Client:train:139 - [2,   500] loss: 0.490
2024-11-23 12:53:26.468 | INFO     | server:train_subset_of_clients:44 - Averaging client parameters
2024-11-23 12:53:26.470 | INFO     | server:train_subset_of_clients:56 - Updating parameters on client #0
2024-11-23 12:53:26.472 | INFO     | server:train_subset_of_clients:56 - Updating parameters on client #1
2024-11-23 12:53:26.473 | INFO     | server:train_subset_of_clients:56 - Updating parameters on client #2
2024-11-23 12:53:26.475 | INFO     | server:train_subset_of_clients:56 - Updating parameters on client #3
2024-11-23 12:53:26.476 | INFO     | server:train_subset_of_clients:56 - Updating parameters on client #4
2024-11-23 12:53:26.477 | INFO     | server:train_subset_of_clients:56 - Updating parameters on client #5
2024-11-23 12:53:26.478 | INFO     | server:train_subset_of_clients:56 - Updating parameters on client #6
2024-11-23 12:53:26.480 | INFO     | server:train_subset_of_clients:56 - Updating parameters on client #7
2024-11-23 12:53:26.481 | INFO     | server:train_subset_of_clients:56 - Updating parameters on client #8
2024-11-23 12:53:26.482 | INFO     | server:train_subset_of_clients:56 - Updating parameters on client #9
2024-11-23 12:53:26.537 | DEBUG    | Client:test:203 - Test set: Accuracy: 7962/10000 (80%)
2024-11-23 12:53:26.537 | DEBUG    | Client:test:204 - Test set: Loss: 4.797410249710083
2024-11-23 12:53:26.556 | DEBUG    | Client:test:205 - Classification Report:
              precision    recall  f1-score   support

           0       0.81      0.83      0.82      1000
           1       1.00      0.23      0.38      1000
           2       0.77      0.82      0.79      1000
           3       0.83      0.88      0.85      1000
           4       0.76      0.81      0.79      1000
           5       0.98      0.93      0.95      1000
           6       0.70      0.58      0.63      1000
           7       0.91      0.95      0.93      1000
           8       0.95      0.97      0.96      1000
           9       0.56      0.95      0.71      1000

    accuracy                           0.80     10000
   macro avg       0.83      0.80      0.78     10000
weighted avg       0.83      0.80      0.78     10000

2024-11-23 12:53:26.556 | DEBUG    | Client:test:206 - Confusion Matrix:
[[835   0  21  38   5   5  82   0  14   0]
 [  2 231   6  68   7   0   7   0   2 677]
 [ 14   0 821   8  97   0  53   1   6   0]
 [ 24   0  14 879  39   0  42   0   2   0]
 [  1   0  96  29 815   0  56   0   2   1]
 [  0   0   0   2   0 932   1  48   1  16]
 [151   0 112  30 106   0 577   0  23   1]
 [  0   0   0   0   0  11   0 950   1  38]
 [  1   0   3   8   4   2   5   5 971   1]
 [  0   0   0   0   0   3   1  44   1 951]]
2024-11-23 12:53:26.556 | DEBUG    | Client:test:207 - Class precision: [0.81225681 1.         0.76514445 0.82768362 0.75955266 0.97796432
 0.70024272 0.90648855 0.94916911 0.56439169]
2024-11-23 12:53:26.557 | DEBUG    | Client:test:208 - Class recall: [0.835 0.231 0.821 0.879 0.815 0.932 0.577 0.95  0.971 0.951]
2024-11-23 12:53:26.557 | INFO     | server:train_subset_of_clients:41 - Training epoch #3 on client #6
2024-11-23 12:53:26.559 | INFO     | Client:train:139 - [3,     0] loss: 0.007
2024-11-23 12:53:26.685 | INFO     | Client:train:139 - [3,   100] loss: 0.422
2024-11-23 12:53:26.813 | INFO     | Client:train:139 - [3,   200] loss: 0.390
2024-11-23 12:53:26.939 | INFO     | Client:train:139 - [3,   300] loss: 0.370
2024-11-23 12:53:27.066 | INFO     | Client:train:139 - [3,   400] loss: 0.375
2024-11-23 12:53:27.192 | INFO     | Client:train:139 - [3,   500] loss: 0.387
2024-11-23 12:53:27.318 | INFO     | server:train_subset_of_clients:41 - Training epoch #3 on client #5
2024-11-23 12:53:27.320 | INFO     | Client:train:139 - [3,     0] loss: 0.002
2024-11-23 12:53:27.447 | INFO     | Client:train:139 - [3,   100] loss: 0.389
2024-11-23 12:53:27.573 | INFO     | Client:train:139 - [3,   200] loss: 0.434
2024-11-23 12:53:27.699 | INFO     | Client:train:139 - [3,   300] loss: 0.379
2024-11-23 12:53:27.828 | INFO     | Client:train:139 - [3,   400] loss: 0.392
2024-11-23 12:53:27.954 | INFO     | Client:train:139 - [3,   500] loss: 0.425
2024-11-23 12:53:28.081 | INFO     | server:train_subset_of_clients:41 - Training epoch #3 on client #9
2024-11-23 12:53:28.083 | INFO     | Client:train:139 - [3,     0] loss: 0.004
2024-11-23 12:53:28.213 | INFO     | Client:train:139 - [3,   100] loss: 0.419
2024-11-23 12:53:28.341 | INFO     | Client:train:139 - [3,   200] loss: 0.382
2024-11-23 12:53:28.470 | INFO     | Client:train:139 - [3,   300] loss: 0.455
2024-11-23 12:53:28.600 | INFO     | Client:train:139 - [3,   400] loss: 0.386
2024-11-23 12:53:28.730 | INFO     | Client:train:139 - [3,   500] loss: 0.429
2024-11-23 12:53:28.859 | INFO     | server:train_subset_of_clients:41 - Training epoch #3 on client #1
2024-11-23 12:53:28.861 | INFO     | Client:train:139 - [3,     0] loss: 0.007
2024-11-23 12:53:28.989 | INFO     | Client:train:139 - [3,   100] loss: 0.425
2024-11-23 12:53:29.119 | INFO     | Client:train:139 - [3,   200] loss: 0.419
2024-11-23 12:53:29.251 | INFO     | Client:train:139 - [3,   300] loss: 0.386
2024-11-23 12:53:29.380 | INFO     | Client:train:139 - [3,   400] loss: 0.439
2024-11-23 12:53:29.507 | INFO     | Client:train:139 - [3,   500] loss: 0.362
2024-11-23 12:53:29.635 | INFO     | server:train_subset_of_clients:41 - Training epoch #3 on client #2
2024-11-23 12:53:29.637 | INFO     | Client:train:139 - [3,     0] loss: 0.005
2024-11-23 12:53:29.766 | INFO     | Client:train:139 - [3,   100] loss: 0.432
2024-11-23 12:53:29.895 | INFO     | Client:train:139 - [3,   200] loss: 0.414
2024-11-23 12:53:30.024 | INFO     | Client:train:139 - [3,   300] loss: 0.450
2024-11-23 12:53:30.152 | INFO     | Client:train:139 - [3,   400] loss: 0.382
2024-11-23 12:53:30.280 | INFO     | Client:train:139 - [3,   500] loss: 0.417
2024-11-23 12:53:30.407 | INFO     | server:train_subset_of_clients:41 - Training epoch #3 on client #7
2024-11-23 12:53:30.409 | INFO     | Client:train:139 - [3,     0] loss: 0.001
2024-11-23 12:53:30.536 | INFO     | Client:train:139 - [3,   100] loss: 0.443
2024-11-23 12:53:30.663 | INFO     | Client:train:139 - [3,   200] loss: 0.435
2024-11-23 12:53:30.791 | INFO     | Client:train:139 - [3,   300] loss: 0.398
2024-11-23 12:53:30.916 | INFO     | Client:train:139 - [3,   400] loss: 0.411
2024-11-23 12:53:31.044 | INFO     | Client:train:139 - [3,   500] loss: 0.364
2024-11-23 12:53:31.169 | INFO     | server:train_subset_of_clients:41 - Training epoch #3 on client #0
2024-11-23 12:53:31.171 | INFO     | Client:train:139 - [3,     0] loss: 0.001
2024-11-23 12:53:31.298 | INFO     | Client:train:139 - [3,   100] loss: 0.441
2024-11-23 12:53:31.427 | INFO     | Client:train:139 - [3,   200] loss: 0.442
2024-11-23 12:53:31.554 | INFO     | Client:train:139 - [3,   300] loss: 0.412
2024-11-23 12:53:31.682 | INFO     | Client:train:139 - [3,   400] loss: 0.419
2024-11-23 12:53:31.811 | INFO     | Client:train:139 - [3,   500] loss: 0.396
2024-11-23 12:53:31.937 | INFO     | server:train_subset_of_clients:41 - Training epoch #3 on client #8
2024-11-23 12:53:31.939 | INFO     | Client:train:139 - [3,     0] loss: 0.008
2024-11-23 12:53:32.069 | INFO     | Client:train:139 - [3,   100] loss: 0.352
2024-11-23 12:53:32.196 | INFO     | Client:train:139 - [3,   200] loss: 0.455
2024-11-23 12:53:32.324 | INFO     | Client:train:139 - [3,   300] loss: 0.402
2024-11-23 12:53:32.452 | INFO     | Client:train:139 - [3,   400] loss: 0.436
2024-11-23 12:53:32.580 | INFO     | Client:train:139 - [3,   500] loss: 0.375
2024-11-23 12:53:32.706 | INFO     | server:train_subset_of_clients:41 - Training epoch #3 on client #3
2024-11-23 12:53:32.708 | INFO     | Client:train:139 - [3,     0] loss: 0.007
2024-11-23 12:53:32.837 | INFO     | Client:train:139 - [3,   100] loss: 0.449
2024-11-23 12:53:32.964 | INFO     | Client:train:139 - [3,   200] loss: 0.422
2024-11-23 12:53:33.092 | INFO     | Client:train:139 - [3,   300] loss: 0.413
2024-11-23 12:53:33.222 | INFO     | Client:train:139 - [3,   400] loss: 0.386
2024-11-23 12:53:33.351 | INFO     | Client:train:139 - [3,   500] loss: 0.432
2024-11-23 12:53:33.477 | INFO     | server:train_subset_of_clients:41 - Training epoch #3 on client #4
2024-11-23 12:53:33.479 | INFO     | Client:train:139 - [3,     0] loss: 0.005
2024-11-23 12:53:33.609 | INFO     | Client:train:139 - [3,   100] loss: 0.414
2024-11-23 12:53:33.740 | INFO     | Client:train:139 - [3,   200] loss: 0.476
2024-11-23 12:53:33.875 | INFO     | Client:train:139 - [3,   300] loss: 0.483
2024-11-23 12:53:34.006 | INFO     | Client:train:139 - [3,   400] loss: 0.431
2024-11-23 12:53:34.138 | INFO     | Client:train:139 - [3,   500] loss: 0.396
2024-11-23 12:53:34.274 | INFO     | server:train_subset_of_clients:44 - Averaging client parameters
2024-11-23 12:53:34.276 | INFO     | server:train_subset_of_clients:56 - Updating parameters on client #0
2024-11-23 12:53:34.278 | INFO     | server:train_subset_of_clients:56 - Updating parameters on client #1
2024-11-23 12:53:34.279 | INFO     | server:train_subset_of_clients:56 - Updating parameters on client #2
2024-11-23 12:53:34.280 | INFO     | server:train_subset_of_clients:56 - Updating parameters on client #3
2024-11-23 12:53:34.282 | INFO     | server:train_subset_of_clients:56 - Updating parameters on client #4
2024-11-23 12:53:34.283 | INFO     | server:train_subset_of_clients:56 - Updating parameters on client #5
2024-11-23 12:53:34.284 | INFO     | server:train_subset_of_clients:56 - Updating parameters on client #6
2024-11-23 12:53:34.285 | INFO     | server:train_subset_of_clients:56 - Updating parameters on client #7
2024-11-23 12:53:34.287 | INFO     | server:train_subset_of_clients:56 - Updating parameters on client #8
2024-11-23 12:53:34.288 | INFO     | server:train_subset_of_clients:56 - Updating parameters on client #9
2024-11-23 12:53:34.344 | DEBUG    | Client:test:203 - Test set: Accuracy: 7966/10000 (80%)
2024-11-23 12:53:34.344 | DEBUG    | Client:test:204 - Test set: Loss: 4.584409564733505
2024-11-23 12:53:34.362 | DEBUG    | Client:test:205 - Classification Report:
              precision    recall  f1-score   support

           0       0.85      0.80      0.82      1000
           1       1.00      0.20      0.33      1000
           2       0.75      0.86      0.80      1000
           3       0.88      0.87      0.87      1000
           4       0.78      0.80      0.79      1000
           5       0.98      0.93      0.96      1000
           6       0.68      0.63      0.65      1000
           7       0.91      0.96      0.93      1000
           8       0.95      0.98      0.96      1000
           9       0.54      0.95      0.69      1000

    accuracy                           0.80     10000
   macro avg       0.83      0.80      0.78     10000
weighted avg       0.83      0.80      0.78     10000

2024-11-23 12:53:34.363 | DEBUG    | Client:test:206 - Confusion Matrix:
[[795   0  28  26   6   5 126   0  14   0]
 [  2 200   7  36   6   0   7   0   2 740]
 [  8   0 857   7  76   0  45   0   7   0]
 [ 17   0  19 868  44   0  48   0   2   2]
 [  0   0 114  21 796   0  66   0   2   1]
 [  0   0   0   2   0 934   1  45   1  17]
 [113   0 120  25  89   0 630   0  23   0]
 [  0   0   0   0   0   7   0 960   1  32]
 [  0   0   4   4   3   3   2   5 978   1]
 [  0   0   0   0   0   3   0  48   1 948]]
2024-11-23 12:53:34.363 | DEBUG    | Client:test:207 - Class precision: [0.85026738 1.         0.74586597 0.8776542  0.78039216 0.98109244
 0.68108108 0.9073724  0.9485936  0.54451465]
2024-11-23 12:53:34.363 | DEBUG    | Client:test:208 - Class recall: [0.795 0.2   0.857 0.868 0.796 0.934 0.63  0.96  0.978 0.948]
2024-11-23 12:53:34.364 | INFO     | server:train_subset_of_clients:41 - Training epoch #4 on client #7
2024-11-23 12:53:34.366 | INFO     | Client:train:139 - [4,     0] loss: 0.002
2024-11-23 12:53:34.491 | INFO     | Client:train:139 - [4,   100] loss: 0.339
2024-11-23 12:53:34.619 | INFO     | Client:train:139 - [4,   200] loss: 0.385
2024-11-23 12:53:34.746 | INFO     | Client:train:139 - [4,   300] loss: 0.419
2024-11-23 12:53:34.871 | INFO     | Client:train:139 - [4,   400] loss: 0.405
2024-11-23 12:53:34.997 | INFO     | Client:train:139 - [4,   500] loss: 0.421
2024-11-23 12:53:35.123 | INFO     | server:train_subset_of_clients:41 - Training epoch #4 on client #9
2024-11-23 12:53:35.124 | INFO     | Client:train:139 - [4,     0] loss: 0.007
2024-11-23 12:53:35.250 | INFO     | Client:train:139 - [4,   100] loss: 0.405
2024-11-23 12:53:35.376 | INFO     | Client:train:139 - [4,   200] loss: 0.371
2024-11-23 12:53:35.503 | INFO     | Client:train:139 - [4,   300] loss: 0.361
2024-11-23 12:53:35.629 | INFO     | Client:train:139 - [4,   400] loss: 0.365
2024-11-23 12:53:35.756 | INFO     | Client:train:139 - [4,   500] loss: 0.371
2024-11-23 12:53:35.883 | INFO     | server:train_subset_of_clients:41 - Training epoch #4 on client #0
2024-11-23 12:53:35.885 | INFO     | Client:train:139 - [4,     0] loss: 0.003
2024-11-23 12:53:36.013 | INFO     | Client:train:139 - [4,   100] loss: 0.344
2024-11-23 12:53:36.140 | INFO     | Client:train:139 - [4,   200] loss: 0.412
2024-11-23 12:53:36.272 | INFO     | Client:train:139 - [4,   300] loss: 0.391
2024-11-23 12:53:36.401 | INFO     | Client:train:139 - [4,   400] loss: 0.371
2024-11-23 12:53:36.537 | INFO     | Client:train:139 - [4,   500] loss: 0.385
2024-11-23 12:53:36.663 | INFO     | server:train_subset_of_clients:41 - Training epoch #4 on client #5
2024-11-23 12:53:36.665 | INFO     | Client:train:139 - [4,     0] loss: 0.006
2024-11-23 12:53:36.792 | INFO     | Client:train:139 - [4,   100] loss: 0.366
2024-11-23 12:53:36.918 | INFO     | Client:train:139 - [4,   200] loss: 0.377
2024-11-23 12:53:37.047 | INFO     | Client:train:139 - [4,   300] loss: 0.401
2024-11-23 12:53:37.174 | INFO     | Client:train:139 - [4,   400] loss: 0.372
2024-11-23 12:53:37.303 | INFO     | Client:train:139 - [4,   500] loss: 0.346
2024-11-23 12:53:37.428 | INFO     | server:train_subset_of_clients:41 - Training epoch #4 on client #6
2024-11-23 12:53:37.430 | INFO     | Client:train:139 - [4,     0] loss: 0.004
2024-11-23 12:53:37.557 | INFO     | Client:train:139 - [4,   100] loss: 0.385
2024-11-23 12:53:37.683 | INFO     | Client:train:139 - [4,   200] loss: 0.390
2024-11-23 12:53:37.811 | INFO     | Client:train:139 - [4,   300] loss: 0.363
2024-11-23 12:53:37.937 | INFO     | Client:train:139 - [4,   400] loss: 0.368
2024-11-23 12:53:38.065 | INFO     | Client:train:139 - [4,   500] loss: 0.331
2024-11-23 12:53:38.191 | INFO     | server:train_subset_of_clients:41 - Training epoch #4 on client #2
2024-11-23 12:53:38.193 | INFO     | Client:train:139 - [4,     0] loss: 0.005
2024-11-23 12:53:38.322 | INFO     | Client:train:139 - [4,   100] loss: 0.408
2024-11-23 12:53:38.452 | INFO     | Client:train:139 - [4,   200] loss: 0.437
2024-11-23 12:53:38.581 | INFO     | Client:train:139 - [4,   300] loss: 0.341
2024-11-23 12:53:38.709 | INFO     | Client:train:139 - [4,   400] loss: 0.403
2024-11-23 12:53:38.840 | INFO     | Client:train:139 - [4,   500] loss: 0.396
2024-11-23 12:53:38.967 | INFO     | server:train_subset_of_clients:41 - Training epoch #4 on client #1
2024-11-23 12:53:38.968 | INFO     | Client:train:139 - [4,     0] loss: 0.001
2024-11-23 12:53:39.098 | INFO     | Client:train:139 - [4,   100] loss: 0.375
2024-11-23 12:53:39.227 | INFO     | Client:train:139 - [4,   200] loss: 0.341
2024-11-23 12:53:39.355 | INFO     | Client:train:139 - [4,   300] loss: 0.371
2024-11-23 12:53:39.481 | INFO     | Client:train:139 - [4,   400] loss: 0.392
2024-11-23 12:53:39.611 | INFO     | Client:train:139 - [4,   500] loss: 0.372
2024-11-23 12:53:39.736 | INFO     | server:train_subset_of_clients:41 - Training epoch #4 on client #8
2024-11-23 12:53:39.738 | INFO     | Client:train:139 - [4,     0] loss: 0.001
2024-11-23 12:53:39.864 | INFO     | Client:train:139 - [4,   100] loss: 0.370
2024-11-23 12:53:39.990 | INFO     | Client:train:139 - [4,   200] loss: 0.378
2024-11-23 12:53:40.117 | INFO     | Client:train:139 - [4,   300] loss: 0.369
2024-11-23 12:53:40.244 | INFO     | Client:train:139 - [4,   400] loss: 0.352
2024-11-23 12:53:40.371 | INFO     | Client:train:139 - [4,   500] loss: 0.353
2024-11-23 12:53:40.496 | INFO     | server:train_subset_of_clients:41 - Training epoch #4 on client #4
2024-11-23 12:53:40.498 | INFO     | Client:train:139 - [4,     0] loss: 0.003
2024-11-23 12:53:40.626 | INFO     | Client:train:139 - [4,   100] loss: 0.420
2024-11-23 12:53:40.753 | INFO     | Client:train:139 - [4,   200] loss: 0.404
2024-11-23 12:53:40.879 | INFO     | Client:train:139 - [4,   300] loss: 0.396
2024-11-23 12:53:41.007 | INFO     | Client:train:139 - [4,   400] loss: 0.402
2024-11-23 12:53:41.133 | INFO     | Client:train:139 - [4,   500] loss: 0.394
2024-11-23 12:53:41.259 | INFO     | server:train_subset_of_clients:41 - Training epoch #4 on client #3
2024-11-23 12:53:41.261 | INFO     | Client:train:139 - [4,     0] loss: 0.009
2024-11-23 12:53:41.387 | INFO     | Client:train:139 - [4,   100] loss: 0.378
2024-11-23 12:53:41.513 | INFO     | Client:train:139 - [4,   200] loss: 0.423
2024-11-23 12:53:41.638 | INFO     | Client:train:139 - [4,   300] loss: 0.402
2024-11-23 12:53:41.764 | INFO     | Client:train:139 - [4,   400] loss: 0.374
2024-11-23 12:53:41.890 | INFO     | Client:train:139 - [4,   500] loss: 0.354
2024-11-23 12:53:42.014 | INFO     | server:train_subset_of_clients:44 - Averaging client parameters
2024-11-23 12:53:42.016 | INFO     | server:train_subset_of_clients:56 - Updating parameters on client #0
2024-11-23 12:53:42.018 | INFO     | server:train_subset_of_clients:56 - Updating parameters on client #1
2024-11-23 12:53:42.019 | INFO     | server:train_subset_of_clients:56 - Updating parameters on client #2
2024-11-23 12:53:42.020 | INFO     | server:train_subset_of_clients:56 - Updating parameters on client #3
2024-11-23 12:53:42.022 | INFO     | server:train_subset_of_clients:56 - Updating parameters on client #4
2024-11-23 12:53:42.023 | INFO     | server:train_subset_of_clients:56 - Updating parameters on client #5
2024-11-23 12:53:42.024 | INFO     | server:train_subset_of_clients:56 - Updating parameters on client #6
2024-11-23 12:53:42.025 | INFO     | server:train_subset_of_clients:56 - Updating parameters on client #7
2024-11-23 12:53:42.027 | INFO     | server:train_subset_of_clients:56 - Updating parameters on client #8
2024-11-23 12:53:42.028 | INFO     | server:train_subset_of_clients:56 - Updating parameters on client #9
2024-11-23 12:53:42.083 | DEBUG    | Client:test:203 - Test set: Accuracy: 8022/10000 (80%)
2024-11-23 12:53:42.083 | DEBUG    | Client:test:204 - Test set: Loss: 4.415453940629959
2024-11-23 12:53:42.101 | DEBUG    | Client:test:205 - Classification Report:
              precision    recall  f1-score   support

           0       0.80      0.87      0.83      1000
           1       1.00      0.19      0.32      1000
           2       0.78      0.86      0.82      1000
           3       0.81      0.93      0.87      1000
           4       0.81      0.79      0.80      1000
           5       0.98      0.94      0.96      1000
           6       0.75      0.56      0.65      1000
           7       0.91      0.96      0.93      1000
           8       0.96      0.97      0.97      1000
           9       0.55      0.95      0.69      1000

    accuracy                           0.80     10000
   macro avg       0.84      0.80      0.78     10000
weighted avg       0.84      0.80      0.78     10000

2024-11-23 12:53:42.101 | DEBUG    | Client:test:206 - Confusion Matrix:
[[867   0  17  43   4   4  54   0  11   0]
 [  3 191   6  54   6   0   4   0   2 734]
 [ 16   0 860  14  64   0  41   0   5   0]
 [ 15   0  10 932  15   0  26   0   1   1]
 [  1   0  98  54 785   0  59   0   2   1]
 [  0   0   0   2   0 939   0  42   1  16]
 [187   0 105  39  90   0 565   0  14   0]
 [  0   0   0   0   0  10   0 959   0  31]
 [  1   0   3   9   2   3   2   5 975   0]
 [  0   0   0   0   0   3   0  47   1 949]]
2024-11-23 12:53:42.102 | DEBUG    | Client:test:207 - Class precision: [0.79541284 1.         0.78252957 0.81255449 0.8126294  0.97914494
 0.75233023 0.91073124 0.96343874 0.54792148]
2024-11-23 12:53:42.102 | DEBUG    | Client:test:208 - Class recall: [0.867 0.191 0.86  0.932 0.785 0.939 0.565 0.959 0.975 0.949]
2024-11-23 12:53:42.103 | INFO     | server:train_subset_of_clients:41 - Training epoch #5 on client #8
2024-11-23 12:53:42.105 | INFO     | Client:train:139 - [5,     0] loss: 0.003
2024-11-23 12:53:42.229 | INFO     | Client:train:139 - [5,   100] loss: 0.321
2024-11-23 12:53:42.354 | INFO     | Client:train:139 - [5,   200] loss: 0.369
2024-11-23 12:53:42.479 | INFO     | Client:train:139 - [5,   300] loss: 0.385
2024-11-23 12:53:42.604 | INFO     | Client:train:139 - [5,   400] loss: 0.316
2024-11-23 12:53:42.729 | INFO     | Client:train:139 - [5,   500] loss: 0.320
2024-11-23 12:53:42.853 | INFO     | server:train_subset_of_clients:41 - Training epoch #5 on client #5
2024-11-23 12:53:42.855 | INFO     | Client:train:139 - [5,     0] loss: 0.006
2024-11-23 12:53:42.979 | INFO     | Client:train:139 - [5,   100] loss: 0.311
2024-11-23 12:53:43.104 | INFO     | Client:train:139 - [5,   200] loss: 0.348
2024-11-23 12:53:43.232 | INFO     | Client:train:139 - [5,   300] loss: 0.364
2024-11-23 12:53:43.359 | INFO     | Client:train:139 - [5,   400] loss: 0.339
2024-11-23 12:53:43.485 | INFO     | Client:train:139 - [5,   500] loss: 0.313
2024-11-23 12:53:43.612 | INFO     | server:train_subset_of_clients:41 - Training epoch #5 on client #0
2024-11-23 12:53:43.614 | INFO     | Client:train:139 - [5,     0] loss: 0.003
2024-11-23 12:53:43.742 | INFO     | Client:train:139 - [5,   100] loss: 0.405
2024-11-23 12:53:43.867 | INFO     | Client:train:139 - [5,   200] loss: 0.359
2024-11-23 12:53:43.994 | INFO     | Client:train:139 - [5,   300] loss: 0.363
2024-11-23 12:53:44.121 | INFO     | Client:train:139 - [5,   400] loss: 0.349
2024-11-23 12:53:44.249 | INFO     | Client:train:139 - [5,   500] loss: 0.375
2024-11-23 12:53:44.367 | INFO     | server:train_subset_of_clients:41 - Training epoch #5 on client #4
2024-11-23 12:53:44.369 | INFO     | Client:train:139 - [5,     0] loss: 0.004
2024-11-23 12:53:44.497 | INFO     | Client:train:139 - [5,   100] loss: 0.352
2024-11-23 12:53:44.625 | INFO     | Client:train:139 - [5,   200] loss: 0.360
2024-11-23 12:53:44.751 | INFO     | Client:train:139 - [5,   300] loss: 0.439
2024-11-23 12:53:44.879 | INFO     | Client:train:139 - [5,   400] loss: 0.356
2024-11-23 12:53:45.004 | INFO     | Client:train:139 - [5,   500] loss: 0.356
2024-11-23 12:53:45.129 | INFO     | server:train_subset_of_clients:41 - Training epoch #5 on client #2
2024-11-23 12:53:45.131 | INFO     | Client:train:139 - [5,     0] loss: 0.006
2024-11-23 12:53:45.257 | INFO     | Client:train:139 - [5,   100] loss: 0.377
2024-11-23 12:53:45.382 | INFO     | Client:train:139 - [5,   200] loss: 0.374
2024-11-23 12:53:45.508 | INFO     | Client:train:139 - [5,   300] loss: 0.368
2024-11-23 12:53:45.635 | INFO     | Client:train:139 - [5,   400] loss: 0.346
2024-11-23 12:53:45.761 | INFO     | Client:train:139 - [5,   500] loss: 0.362
2024-11-23 12:53:45.888 | INFO     | server:train_subset_of_clients:41 - Training epoch #5 on client #7
2024-11-23 12:53:45.889 | INFO     | Client:train:139 - [5,     0] loss: 0.003
2024-11-23 12:53:46.017 | INFO     | Client:train:139 - [5,   100] loss: 0.347
2024-11-23 12:53:46.144 | INFO     | Client:train:139 - [5,   200] loss: 0.378
2024-11-23 12:53:46.270 | INFO     | Client:train:139 - [5,   300] loss: 0.384
2024-11-23 12:53:46.397 | INFO     | Client:train:139 - [5,   400] loss: 0.336
2024-11-23 12:53:46.524 | INFO     | Client:train:139 - [5,   500] loss: 0.381
2024-11-23 12:53:46.649 | INFO     | server:train_subset_of_clients:41 - Training epoch #5 on client #6
2024-11-23 12:53:46.651 | INFO     | Client:train:139 - [5,     0] loss: 0.002
2024-11-23 12:53:46.779 | INFO     | Client:train:139 - [5,   100] loss: 0.325
2024-11-23 12:53:46.907 | INFO     | Client:train:139 - [5,   200] loss: 0.368
2024-11-23 12:53:47.034 | INFO     | Client:train:139 - [5,   300] loss: 0.316
2024-11-23 12:53:47.161 | INFO     | Client:train:139 - [5,   400] loss: 0.303
2024-11-23 12:53:47.290 | INFO     | Client:train:139 - [5,   500] loss: 0.374
2024-11-23 12:53:47.417 | INFO     | server:train_subset_of_clients:41 - Training epoch #5 on client #9
2024-11-23 12:53:47.419 | INFO     | Client:train:139 - [5,     0] loss: 0.004
2024-11-23 12:53:47.547 | INFO     | Client:train:139 - [5,   100] loss: 0.323
2024-11-23 12:53:47.674 | INFO     | Client:train:139 - [5,   200] loss: 0.371
2024-11-23 12:53:47.802 | INFO     | Client:train:139 - [5,   300] loss: 0.394
2024-11-23 12:53:47.929 | INFO     | Client:train:139 - [5,   400] loss: 0.336
2024-11-23 12:53:48.057 | INFO     | Client:train:139 - [5,   500] loss: 0.339
2024-11-23 12:53:48.186 | INFO     | server:train_subset_of_clients:41 - Training epoch #5 on client #1
2024-11-23 12:53:48.188 | INFO     | Client:train:139 - [5,     0] loss: 0.002
2024-11-23 12:53:48.318 | INFO     | Client:train:139 - [5,   100] loss: 0.355
2024-11-23 12:53:48.445 | INFO     | Client:train:139 - [5,   200] loss: 0.382
2024-11-23 12:53:48.575 | INFO     | Client:train:139 - [5,   300] loss: 0.316
2024-11-23 12:53:48.703 | INFO     | Client:train:139 - [5,   400] loss: 0.335
2024-11-23 12:53:48.840 | INFO     | Client:train:139 - [5,   500] loss: 0.331
2024-11-23 12:53:48.972 | INFO     | server:train_subset_of_clients:41 - Training epoch #5 on client #3
2024-11-23 12:53:48.974 | INFO     | Client:train:139 - [5,     0] loss: 0.002
2024-11-23 12:53:49.109 | INFO     | Client:train:139 - [5,   100] loss: 0.391
2024-11-23 12:53:49.245 | INFO     | Client:train:139 - [5,   200] loss: 0.343
2024-11-23 12:53:49.379 | INFO     | Client:train:139 - [5,   300] loss: 0.392
2024-11-23 12:53:49.513 | INFO     | Client:train:139 - [5,   400] loss: 0.383
2024-11-23 12:53:49.648 | INFO     | Client:train:139 - [5,   500] loss: 0.359
2024-11-23 12:53:49.781 | INFO     | server:train_subset_of_clients:44 - Averaging client parameters
2024-11-23 12:53:49.783 | INFO     | server:train_subset_of_clients:56 - Updating parameters on client #0
2024-11-23 12:53:49.784 | INFO     | server:train_subset_of_clients:56 - Updating parameters on client #1
2024-11-23 12:53:49.785 | INFO     | server:train_subset_of_clients:56 - Updating parameters on client #2
2024-11-23 12:53:49.787 | INFO     | server:train_subset_of_clients:56 - Updating parameters on client #3
2024-11-23 12:53:49.788 | INFO     | server:train_subset_of_clients:56 - Updating parameters on client #4
2024-11-23 12:53:49.789 | INFO     | server:train_subset_of_clients:56 - Updating parameters on client #5
2024-11-23 12:53:49.791 | INFO     | server:train_subset_of_clients:56 - Updating parameters on client #6
2024-11-23 12:53:49.792 | INFO     | server:train_subset_of_clients:56 - Updating parameters on client #7
2024-11-23 12:53:49.793 | INFO     | server:train_subset_of_clients:56 - Updating parameters on client #8
2024-11-23 12:53:49.795 | INFO     | server:train_subset_of_clients:56 - Updating parameters on client #9
2024-11-23 12:53:49.855 | DEBUG    | Client:test:203 - Test set: Accuracy: 8024/10000 (80%)
2024-11-23 12:53:49.855 | DEBUG    | Client:test:204 - Test set: Loss: 4.329548925161362
2024-11-23 12:53:49.873 | DEBUG    | Client:test:205 - Classification Report:
              precision    recall  f1-score   support

           0       0.86      0.82      0.84      1000
           1       1.00      0.14      0.25      1000
           2       0.81      0.82      0.82      1000
           3       0.87      0.89      0.88      1000
           4       0.79      0.83      0.81      1000
           5       0.98      0.94      0.96      1000
           6       0.69      0.68      0.69      1000
           7       0.91      0.96      0.94      1000
           8       0.96      0.98      0.97      1000
           9       0.53      0.95      0.68      1000

    accuracy                           0.80     10000
   macro avg       0.84      0.80      0.78     10000
weighted avg       0.84      0.80      0.78     10000

2024-11-23 12:53:49.874 | DEBUG    | Client:test:206 - Confusion Matrix:
[[817   0  16  28   6   4 118   0  11   0]
 [  2 145   4  33   6   0   6   0   2 802]
 [  7   0 825  10  87   0  68   0   3   0]
 [ 13   0  13 887  41   0  44   0   1   1]
 [  0   0  72  25 835   0  65   0   2   1]
 [  0   0   0   2   0 937   0  44   1  16]
 [107   0  82  30  85   0 681   0  15   0]
 [  0   0   0   0   0   8   0 963   0  29]
 [  0   0   2   5   2   2   3   5 980   1]
 [  0   0   0   0   0   3   0  42   1 954]]
2024-11-23 12:53:49.874 | DEBUG    | Client:test:207 - Class precision: [0.86363636 1.         0.81360947 0.86960784 0.78625235 0.98218029
 0.69137056 0.91366224 0.96456693 0.52882483]
2024-11-23 12:53:49.874 | DEBUG    | Client:test:208 - Class recall: [0.817 0.145 0.825 0.887 0.835 0.937 0.681 0.963 0.98  0.954]
2024-11-23 12:53:49.875 | INFO     | server:train_subset_of_clients:41 - Training epoch #6 on client #1
2024-11-23 12:53:49.877 | INFO     | Client:train:139 - [6,     0] loss: 0.001
2024-11-23 12:53:50.004 | INFO     | Client:train:139 - [6,   100] loss: 0.324
2024-11-23 12:53:50.131 | INFO     | Client:train:139 - [6,   200] loss: 0.316
2024-11-23 12:53:50.259 | INFO     | Client:train:139 - [6,   300] loss: 0.373
2024-11-23 12:53:50.385 | INFO     | Client:train:139 - [6,   400] loss: 0.349
2024-11-23 12:53:50.512 | INFO     | Client:train:139 - [6,   500] loss: 0.335
2024-11-23 12:53:50.638 | INFO     | server:train_subset_of_clients:41 - Training epoch #6 on client #3
2024-11-23 12:53:50.639 | INFO     | Client:train:139 - [6,     0] loss: 0.002
2024-11-23 12:53:50.768 | INFO     | Client:train:139 - [6,   100] loss: 0.358
2024-11-23 12:53:50.895 | INFO     | Client:train:139 - [6,   200] loss: 0.373
2024-11-23 12:53:51.022 | INFO     | Client:train:139 - [6,   300] loss: 0.365
2024-11-23 12:53:51.148 | INFO     | Client:train:139 - [6,   400] loss: 0.306
2024-11-23 12:53:51.275 | INFO     | Client:train:139 - [6,   500] loss: 0.346
2024-11-23 12:53:51.404 | INFO     | server:train_subset_of_clients:41 - Training epoch #6 on client #9
2024-11-23 12:53:51.406 | INFO     | Client:train:139 - [6,     0] loss: 0.004
2024-11-23 12:53:51.533 | INFO     | Client:train:139 - [6,   100] loss: 0.364
2024-11-23 12:53:51.660 | INFO     | Client:train:139 - [6,   200] loss: 0.310
2024-11-23 12:53:51.787 | INFO     | Client:train:139 - [6,   300] loss: 0.331
2024-11-23 12:53:51.914 | INFO     | Client:train:139 - [6,   400] loss: 0.294
2024-11-23 12:53:52.040 | INFO     | Client:train:139 - [6,   500] loss: 0.329
2024-11-23 12:53:52.164 | INFO     | server:train_subset_of_clients:41 - Training epoch #6 on client #2
2024-11-23 12:53:52.166 | INFO     | Client:train:139 - [6,     0] loss: 0.003
2024-11-23 12:53:52.292 | INFO     | Client:train:139 - [6,   100] loss: 0.346
2024-11-23 12:53:52.417 | INFO     | Client:train:139 - [6,   200] loss: 0.350
2024-11-23 12:53:52.543 | INFO     | Client:train:139 - [6,   300] loss: 0.367
2024-11-23 12:53:52.668 | INFO     | Client:train:139 - [6,   400] loss: 0.354
2024-11-23 12:53:52.795 | INFO     | Client:train:139 - [6,   500] loss: 0.330
2024-11-23 12:53:52.920 | INFO     | server:train_subset_of_clients:41 - Training epoch #6 on client #4
2024-11-23 12:53:52.922 | INFO     | Client:train:139 - [6,     0] loss: 0.003
2024-11-23 12:53:53.051 | INFO     | Client:train:139 - [6,   100] loss: 0.378
2024-11-23 12:53:53.179 | INFO     | Client:train:139 - [6,   200] loss: 0.396
2024-11-23 12:53:53.309 | INFO     | Client:train:139 - [6,   300] loss: 0.339
2024-11-23 12:53:53.435 | INFO     | Client:train:139 - [6,   400] loss: 0.342
2024-11-23 12:53:53.567 | INFO     | Client:train:139 - [6,   500] loss: 0.355
2024-11-23 12:53:53.692 | INFO     | server:train_subset_of_clients:41 - Training epoch #6 on client #6
2024-11-23 12:53:53.694 | INFO     | Client:train:139 - [6,     0] loss: 0.002
2024-11-23 12:53:53.827 | INFO     | Client:train:139 - [6,   100] loss: 0.282
2024-11-23 12:53:53.955 | INFO     | Client:train:139 - [6,   200] loss: 0.330
2024-11-23 12:53:54.084 | INFO     | Client:train:139 - [6,   300] loss: 0.349
2024-11-23 12:53:54.213 | INFO     | Client:train:139 - [6,   400] loss: 0.308
2024-11-23 12:53:54.342 | INFO     | Client:train:139 - [6,   500] loss: 0.359
2024-11-23 12:53:54.469 | INFO     | server:train_subset_of_clients:41 - Training epoch #6 on client #0
2024-11-23 12:53:54.471 | INFO     | Client:train:139 - [6,     0] loss: 0.004
2024-11-23 12:53:54.602 | INFO     | Client:train:139 - [6,   100] loss: 0.360
2024-11-23 12:53:54.730 | INFO     | Client:train:139 - [6,   200] loss: 0.360
2024-11-23 12:53:54.859 | INFO     | Client:train:139 - [6,   300] loss: 0.325
2024-11-23 12:53:54.986 | INFO     | Client:train:139 - [6,   400] loss: 0.364
2024-11-23 12:53:55.115 | INFO     | Client:train:139 - [6,   500] loss: 0.310
2024-11-23 12:53:55.242 | INFO     | server:train_subset_of_clients:41 - Training epoch #6 on client #5
2024-11-23 12:53:55.244 | INFO     | Client:train:139 - [6,     0] loss: 0.001
2024-11-23 12:53:55.371 | INFO     | Client:train:139 - [6,   100] loss: 0.294
2024-11-23 12:53:55.498 | INFO     | Client:train:139 - [6,   200] loss: 0.384
2024-11-23 12:53:55.625 | INFO     | Client:train:139 - [6,   300] loss: 0.324
2024-11-23 12:53:55.751 | INFO     | Client:train:139 - [6,   400] loss: 0.321
2024-11-23 12:53:55.878 | INFO     | Client:train:139 - [6,   500] loss: 0.349
2024-11-23 12:53:56.003 | INFO     | server:train_subset_of_clients:41 - Training epoch #6 on client #7
2024-11-23 12:53:56.005 | INFO     | Client:train:139 - [6,     0] loss: 0.001
2024-11-23 12:53:56.131 | INFO     | Client:train:139 - [6,   100] loss: 0.365
2024-11-23 12:53:56.256 | INFO     | Client:train:139 - [6,   200] loss: 0.372
2024-11-23 12:53:56.382 | INFO     | Client:train:139 - [6,   300] loss: 0.351
2024-11-23 12:53:56.509 | INFO     | Client:train:139 - [6,   400] loss: 0.302
2024-11-23 12:53:56.636 | INFO     | Client:train:139 - [6,   500] loss: 0.342
2024-11-23 12:53:56.762 | INFO     | server:train_subset_of_clients:41 - Training epoch #6 on client #8
2024-11-23 12:53:56.763 | INFO     | Client:train:139 - [6,     0] loss: 0.000
2024-11-23 12:53:56.891 | INFO     | Client:train:139 - [6,   100] loss: 0.321
2024-11-23 12:53:57.019 | INFO     | Client:train:139 - [6,   200] loss: 0.311
2024-11-23 12:53:57.146 | INFO     | Client:train:139 - [6,   300] loss: 0.334
2024-11-23 12:53:57.273 | INFO     | Client:train:139 - [6,   400] loss: 0.324
2024-11-23 12:53:57.400 | INFO     | Client:train:139 - [6,   500] loss: 0.328
2024-11-23 12:53:57.525 | INFO     | server:train_subset_of_clients:44 - Averaging client parameters
2024-11-23 12:53:57.527 | INFO     | server:train_subset_of_clients:56 - Updating parameters on client #0
2024-11-23 12:53:57.528 | INFO     | server:train_subset_of_clients:56 - Updating parameters on client #1
2024-11-23 12:53:57.530 | INFO     | server:train_subset_of_clients:56 - Updating parameters on client #2
2024-11-23 12:53:57.531 | INFO     | server:train_subset_of_clients:56 - Updating parameters on client #3
2024-11-23 12:53:57.532 | INFO     | server:train_subset_of_clients:56 - Updating parameters on client #4
2024-11-23 12:53:57.534 | INFO     | server:train_subset_of_clients:56 - Updating parameters on client #5
2024-11-23 12:53:57.535 | INFO     | server:train_subset_of_clients:56 - Updating parameters on client #6
2024-11-23 12:53:57.536 | INFO     | server:train_subset_of_clients:56 - Updating parameters on client #7
2024-11-23 12:53:57.538 | INFO     | server:train_subset_of_clients:56 - Updating parameters on client #8
2024-11-23 12:53:57.539 | INFO     | server:train_subset_of_clients:56 - Updating parameters on client #9
2024-11-23 12:53:57.667 | DEBUG    | Client:test:203 - Test set: Accuracy: 8176/10000 (82%)
2024-11-23 12:53:57.668 | DEBUG    | Client:test:204 - Test set: Loss: 4.072384864091873
2024-11-23 12:53:57.686 | DEBUG    | Client:test:205 - Classification Report:
              precision    recall  f1-score   support

           0       0.82      0.87      0.84      1000
           1       1.00      0.26      0.42      1000
           2       0.78      0.87      0.82      1000
           3       0.85      0.92      0.88      1000
           4       0.82      0.79      0.81      1000
           5       0.98      0.96      0.97      1000
           6       0.76      0.61      0.68      1000
           7       0.94      0.95      0.95      1000
           8       0.96      0.98      0.97      1000
           9       0.57      0.96      0.72      1000

    accuracy                           0.82     10000
   macro avg       0.85      0.82      0.80     10000
weighted avg       0.85      0.82      0.80     10000

2024-11-23 12:53:57.686 | DEBUG    | Client:test:206 - Confusion Matrix:
[[866   0  22  30   4   4  63   0  11   0]
 [  2 264   5  40   4   0   3   0   2 680]
 [ 15   0 871  12  56   0  43   0   3   0]
 [ 20   0  15 916  19   0  28   0   1   1]
 [  1   0 105  44 792   0  55   0   2   1]
 [  0   0   0   2   0 964   0  22   0  12]
 [157   0 101  31  83   0 612   0  16   0]
 [  0   0   0   0   0  14   0 952   0  34]
 [  0   0   3   8   2   3   2   5 977   0]
 [  0   0   0   0   0   3   0  34   1 962]]
2024-11-23 12:53:57.687 | DEBUG    | Client:test:207 - Class precision: [0.81621112 1.         0.77629234 0.84579871 0.825      0.9757085
 0.75930521 0.93978282 0.96446199 0.56923077]
2024-11-23 12:53:57.687 | DEBUG    | Client:test:208 - Class recall: [0.866 0.264 0.871 0.916 0.792 0.964 0.612 0.952 0.977 0.962]
2024-11-23 12:53:57.687 | INFO     | server:train_subset_of_clients:41 - Training epoch #7 on client #1
2024-11-23 12:53:57.690 | INFO     | Client:train:139 - [7,     0] loss: 0.001
2024-11-23 12:53:57.819 | INFO     | Client:train:139 - [7,   100] loss: 0.333
2024-11-23 12:53:57.944 | INFO     | Client:train:139 - [7,   200] loss: 0.322
2024-11-23 12:53:58.069 | INFO     | Client:train:139 - [7,   300] loss: 0.295
2024-11-23 12:53:58.199 | INFO     | Client:train:139 - [7,   400] loss: 0.342
2024-11-23 12:53:58.326 | INFO     | Client:train:139 - [7,   500] loss: 0.325
2024-11-23 12:53:58.449 | INFO     | server:train_subset_of_clients:41 - Training epoch #7 on client #3
2024-11-23 12:53:58.451 | INFO     | Client:train:139 - [7,     0] loss: 0.004
2024-11-23 12:53:58.580 | INFO     | Client:train:139 - [7,   100] loss: 0.310
2024-11-23 12:53:58.705 | INFO     | Client:train:139 - [7,   200] loss: 0.337
2024-11-23 12:53:58.829 | INFO     | Client:train:139 - [7,   300] loss: 0.379
2024-11-23 12:53:58.948 | INFO     | Client:train:139 - [7,   400] loss: 0.321
2024-11-23 12:53:59.069 | INFO     | Client:train:139 - [7,   500] loss: 0.319
2024-11-23 12:53:59.188 | INFO     | server:train_subset_of_clients:41 - Training epoch #7 on client #7
2024-11-23 12:53:59.190 | INFO     | Client:train:139 - [7,     0] loss: 0.001
2024-11-23 12:53:59.315 | INFO     | Client:train:139 - [7,   100] loss: 0.287
2024-11-23 12:53:59.437 | INFO     | Client:train:139 - [7,   200] loss: 0.336
2024-11-23 12:53:59.567 | INFO     | Client:train:139 - [7,   300] loss: 0.379
2024-11-23 12:53:59.694 | INFO     | Client:train:139 - [7,   400] loss: 0.325
2024-11-23 12:53:59.822 | INFO     | Client:train:139 - [7,   500] loss: 0.337
2024-11-23 12:53:59.947 | INFO     | server:train_subset_of_clients:41 - Training epoch #7 on client #9
2024-11-23 12:53:59.949 | INFO     | Client:train:139 - [7,     0] loss: 0.002
2024-11-23 12:54:00.077 | INFO     | Client:train:139 - [7,   100] loss: 0.296
2024-11-23 12:54:00.203 | INFO     | Client:train:139 - [7,   200] loss: 0.337
2024-11-23 12:54:00.330 | INFO     | Client:train:139 - [7,   300] loss: 0.320
2024-11-23 12:54:00.456 | INFO     | Client:train:139 - [7,   400] loss: 0.297
2024-11-23 12:54:00.583 | INFO     | Client:train:139 - [7,   500] loss: 0.319
2024-11-23 12:54:00.709 | INFO     | server:train_subset_of_clients:41 - Training epoch #7 on client #0
2024-11-23 12:54:00.711 | INFO     | Client:train:139 - [7,     0] loss: 0.003
2024-11-23 12:54:00.842 | INFO     | Client:train:139 - [7,   100] loss: 0.354
2024-11-23 12:54:00.972 | INFO     | Client:train:139 - [7,   200] loss: 0.323
2024-11-23 12:54:01.098 | INFO     | Client:train:139 - [7,   300] loss: 0.327
2024-11-23 12:54:01.223 | INFO     | Client:train:139 - [7,   400] loss: 0.333
2024-11-23 12:54:01.348 | INFO     | Client:train:139 - [7,   500] loss: 0.333
2024-11-23 12:54:01.472 | INFO     | server:train_subset_of_clients:41 - Training epoch #7 on client #2
2024-11-23 12:54:01.474 | INFO     | Client:train:139 - [7,     0] loss: 0.004
2024-11-23 12:54:01.599 | INFO     | Client:train:139 - [7,   100] loss: 0.342
2024-11-23 12:54:01.725 | INFO     | Client:train:139 - [7,   200] loss: 0.323
2024-11-23 12:54:01.852 | INFO     | Client:train:139 - [7,   300] loss: 0.350
2024-11-23 12:54:01.979 | INFO     | Client:train:139 - [7,   400] loss: 0.313
2024-11-23 12:54:02.107 | INFO     | Client:train:139 - [7,   500] loss: 0.351
2024-11-23 12:54:02.233 | INFO     | server:train_subset_of_clients:41 - Training epoch #7 on client #5
2024-11-23 12:54:02.234 | INFO     | Client:train:139 - [7,     0] loss: 0.003
2024-11-23 12:54:02.362 | INFO     | Client:train:139 - [7,   100] loss: 0.345
2024-11-23 12:54:02.489 | INFO     | Client:train:139 - [7,   200] loss: 0.283
2024-11-23 12:54:02.615 | INFO     | Client:train:139 - [7,   300] loss: 0.341
2024-11-23 12:54:02.742 | INFO     | Client:train:139 - [7,   400] loss: 0.306
2024-11-23 12:54:02.871 | INFO     | Client:train:139 - [7,   500] loss: 0.336
2024-11-23 12:54:02.996 | INFO     | server:train_subset_of_clients:41 - Training epoch #7 on client #6
2024-11-23 12:54:02.998 | INFO     | Client:train:139 - [7,     0] loss: 0.002
2024-11-23 12:54:03.127 | INFO     | Client:train:139 - [7,   100] loss: 0.320
2024-11-23 12:54:03.255 | INFO     | Client:train:139 - [7,   200] loss: 0.306
2024-11-23 12:54:03.382 | INFO     | Client:train:139 - [7,   300] loss: 0.329
2024-11-23 12:54:03.509 | INFO     | Client:train:139 - [7,   400] loss: 0.305
2024-11-23 12:54:03.638 | INFO     | Client:train:139 - [7,   500] loss: 0.311
2024-11-23 12:54:03.763 | INFO     | server:train_subset_of_clients:41 - Training epoch #7 on client #8
2024-11-23 12:54:03.765 | INFO     | Client:train:139 - [7,     0] loss: 0.006
2024-11-23 12:54:03.885 | INFO     | Client:train:139 - [7,   100] loss: 0.329
2024-11-23 12:54:04.003 | INFO     | Client:train:139 - [7,   200] loss: 0.340
2024-11-23 12:54:04.123 | INFO     | Client:train:139 - [7,   300] loss: 0.298
2024-11-23 12:54:04.247 | INFO     | Client:train:139 - [7,   400] loss: 0.305
2024-11-23 12:54:04.367 | INFO     | Client:train:139 - [7,   500] loss: 0.287
2024-11-23 12:54:04.484 | INFO     | server:train_subset_of_clients:41 - Training epoch #7 on client #4
2024-11-23 12:54:04.486 | INFO     | Client:train:139 - [7,     0] loss: 0.011
2024-11-23 12:54:04.616 | INFO     | Client:train:139 - [7,   100] loss: 0.339
2024-11-23 12:54:04.743 | INFO     | Client:train:139 - [7,   200] loss: 0.355
2024-11-23 12:54:04.872 | INFO     | Client:train:139 - [7,   300] loss: 0.347
2024-11-23 12:54:04.998 | INFO     | Client:train:139 - [7,   400] loss: 0.359
2024-11-23 12:54:05.128 | INFO     | Client:train:139 - [7,   500] loss: 0.361
2024-11-23 12:54:05.254 | INFO     | server:train_subset_of_clients:44 - Averaging client parameters
2024-11-23 12:54:05.256 | INFO     | server:train_subset_of_clients:56 - Updating parameters on client #0
2024-11-23 12:54:05.257 | INFO     | server:train_subset_of_clients:56 - Updating parameters on client #1
2024-11-23 12:54:05.258 | INFO     | server:train_subset_of_clients:56 - Updating parameters on client #2
2024-11-23 12:54:05.260 | INFO     | server:train_subset_of_clients:56 - Updating parameters on client #3
2024-11-23 12:54:05.261 | INFO     | server:train_subset_of_clients:56 - Updating parameters on client #4
2024-11-23 12:54:05.263 | INFO     | server:train_subset_of_clients:56 - Updating parameters on client #5
2024-11-23 12:54:05.264 | INFO     | server:train_subset_of_clients:56 - Updating parameters on client #6
2024-11-23 12:54:05.265 | INFO     | server:train_subset_of_clients:56 - Updating parameters on client #7
2024-11-23 12:54:05.267 | INFO     | server:train_subset_of_clients:56 - Updating parameters on client #8
2024-11-23 12:54:05.268 | INFO     | server:train_subset_of_clients:56 - Updating parameters on client #9
2024-11-23 12:54:05.324 | DEBUG    | Client:test:203 - Test set: Accuracy: 8194/10000 (82%)
2024-11-23 12:54:05.324 | DEBUG    | Client:test:204 - Test set: Loss: 3.9801240861415863
2024-11-23 12:54:05.342 | DEBUG    | Client:test:205 - Classification Report:
              precision    recall  f1-score   support

           0       0.84      0.85      0.84      1000
           1       1.00      0.25      0.40      1000
           2       0.82      0.84      0.83      1000
           3       0.84      0.92      0.88      1000
           4       0.79      0.84      0.82      1000
           5       0.98      0.97      0.97      1000
           6       0.74      0.63      0.68      1000
           7       0.95      0.95      0.95      1000
           8       0.97      0.98      0.97      1000
           9       0.57      0.97      0.71      1000

    accuracy                           0.82     10000
   macro avg       0.85      0.82      0.81     10000
weighted avg       0.85      0.82      0.81     10000

2024-11-23 12:54:05.343 | DEBUG    | Client:test:206 - Confusion Matrix:
[[847   0  16  34   6   4  83   0  10   0]
 [  2 251   4  43   6   0   3   0   2 689]
 [ 13   0 841  11  78   0  54   0   3   0]
 [ 13   0   9 918  26   0  32   0   1   1]
 [  1   0  68  42 840   0  47   0   1   1]
 [  0   0   0   2   0 971   0  16   0  11]
 [137   0  83  33 101   0 632   0  14   0]
 [  0   0   0   0   0  14   0 949   0  37]
 [  0   0   2   8   2   3   2   5 978   0]
 [  0   0   0   0   0   3   1  29   0 967]]
2024-11-23 12:54:05.343 | DEBUG    | Client:test:207 - Class precision: [0.83613031 1.         0.82209189 0.84142988 0.79320113 0.9758794
 0.74004684 0.94994995 0.96927651 0.56682298]
2024-11-23 12:54:05.343 | DEBUG    | Client:test:208 - Class recall: [0.847 0.251 0.841 0.918 0.84  0.971 0.632 0.949 0.978 0.967]
2024-11-23 12:54:05.344 | INFO     | server:train_subset_of_clients:41 - Training epoch #8 on client #1
2024-11-23 12:54:05.346 | INFO     | Client:train:139 - [8,     0] loss: 0.002
2024-11-23 12:54:05.471 | INFO     | Client:train:139 - [8,   100] loss: 0.334
2024-11-23 12:54:05.597 | INFO     | Client:train:139 - [8,   200] loss: 0.313
2024-11-23 12:54:05.723 | INFO     | Client:train:139 - [8,   300] loss: 0.296
2024-11-23 12:54:05.852 | INFO     | Client:train:139 - [8,   400] loss: 0.327
2024-11-23 12:54:05.978 | INFO     | Client:train:139 - [8,   500] loss: 0.280
2024-11-23 12:54:06.103 | INFO     | server:train_subset_of_clients:41 - Training epoch #8 on client #5
2024-11-23 12:54:06.105 | INFO     | Client:train:139 - [8,     0] loss: 0.006
2024-11-23 12:54:06.230 | INFO     | Client:train:139 - [8,   100] loss: 0.352
2024-11-23 12:54:06.356 | INFO     | Client:train:139 - [8,   200] loss: 0.299
2024-11-23 12:54:06.481 | INFO     | Client:train:139 - [8,   300] loss: 0.325
2024-11-23 12:54:06.607 | INFO     | Client:train:139 - [8,   400] loss: 0.285
2024-11-23 12:54:06.732 | INFO     | Client:train:139 - [8,   500] loss: 0.262
2024-11-23 12:54:06.861 | INFO     | server:train_subset_of_clients:41 - Training epoch #8 on client #8
2024-11-23 12:54:06.863 | INFO     | Client:train:139 - [8,     0] loss: 0.006
2024-11-23 12:54:06.989 | INFO     | Client:train:139 - [8,   100] loss: 0.305
2024-11-23 12:54:07.118 | INFO     | Client:train:139 - [8,   200] loss: 0.314
2024-11-23 12:54:07.245 | INFO     | Client:train:139 - [8,   300] loss: 0.310
2024-11-23 12:54:07.373 | INFO     | Client:train:139 - [8,   400] loss: 0.307
2024-11-23 12:54:07.500 | INFO     | Client:train:139 - [8,   500] loss: 0.299
2024-11-23 12:54:07.632 | INFO     | server:train_subset_of_clients:41 - Training epoch #8 on client #7
2024-11-23 12:54:07.633 | INFO     | Client:train:139 - [8,     0] loss: 0.004
2024-11-23 12:54:07.764 | INFO     | Client:train:139 - [8,   100] loss: 0.306
2024-11-23 12:54:07.894 | INFO     | Client:train:139 - [8,   200] loss: 0.296
2024-11-23 12:54:08.023 | INFO     | Client:train:139 - [8,   300] loss: 0.300
2024-11-23 12:54:08.153 | INFO     | Client:train:139 - [8,   400] loss: 0.349
2024-11-23 12:54:08.287 | INFO     | Client:train:139 - [8,   500] loss: 0.326
2024-11-23 12:54:08.414 | INFO     | server:train_subset_of_clients:41 - Training epoch #8 on client #4
2024-11-23 12:54:08.416 | INFO     | Client:train:139 - [8,     0] loss: 0.002
2024-11-23 12:54:08.545 | INFO     | Client:train:139 - [8,   100] loss: 0.375
2024-11-23 12:54:08.673 | INFO     | Client:train:139 - [8,   200] loss: 0.363
2024-11-23 12:54:08.810 | INFO     | Client:train:139 - [8,   300] loss: 0.362
2024-11-23 12:54:08.945 | INFO     | Client:train:139 - [8,   400] loss: 0.271
2024-11-23 12:54:09.081 | INFO     | Client:train:139 - [8,   500] loss: 0.303
2024-11-23 12:54:09.214 | INFO     | server:train_subset_of_clients:41 - Training epoch #8 on client #6
2024-11-23 12:54:09.216 | INFO     | Client:train:139 - [8,     0] loss: 0.002
2024-11-23 12:54:09.355 | INFO     | Client:train:139 - [8,   100] loss: 0.338
2024-11-23 12:54:09.488 | INFO     | Client:train:139 - [8,   200] loss: 0.311
2024-11-23 12:54:09.625 | INFO     | Client:train:139 - [8,   300] loss: 0.264
2024-11-23 12:54:09.760 | INFO     | Client:train:139 - [8,   400] loss: 0.318
2024-11-23 12:54:09.899 | INFO     | Client:train:139 - [8,   500] loss: 0.310
2024-11-23 12:54:10.027 | INFO     | server:train_subset_of_clients:41 - Training epoch #8 on client #9
2024-11-23 12:54:10.029 | INFO     | Client:train:139 - [8,     0] loss: 0.003
2024-11-23 12:54:10.159 | INFO     | Client:train:139 - [8,   100] loss: 0.334
2024-11-23 12:54:10.292 | INFO     | Client:train:139 - [8,   200] loss: 0.279
2024-11-23 12:54:10.425 | INFO     | Client:train:139 - [8,   300] loss: 0.356
2024-11-23 12:54:10.559 | INFO     | Client:train:139 - [8,   400] loss: 0.305
2024-11-23 12:54:10.692 | INFO     | Client:train:139 - [8,   500] loss: 0.302
2024-11-23 12:54:10.825 | INFO     | server:train_subset_of_clients:41 - Training epoch #8 on client #2
2024-11-23 12:54:10.827 | INFO     | Client:train:139 - [8,     0] loss: 0.002
2024-11-23 12:54:10.961 | INFO     | Client:train:139 - [8,   100] loss: 0.325
2024-11-23 12:54:11.096 | INFO     | Client:train:139 - [8,   200] loss: 0.305
2024-11-23 12:54:11.227 | INFO     | Client:train:139 - [8,   300] loss: 0.331
2024-11-23 12:54:11.359 | INFO     | Client:train:139 - [8,   400] loss: 0.344
2024-11-23 12:54:11.491 | INFO     | Client:train:139 - [8,   500] loss: 0.297
2024-11-23 12:54:11.622 | INFO     | server:train_subset_of_clients:41 - Training epoch #8 on client #3
2024-11-23 12:54:11.624 | INFO     | Client:train:139 - [8,     0] loss: 0.007
2024-11-23 12:54:11.757 | INFO     | Client:train:139 - [8,   100] loss: 0.333
2024-11-23 12:54:11.892 | INFO     | Client:train:139 - [8,   200] loss: 0.330
2024-11-23 12:54:12.026 | INFO     | Client:train:139 - [8,   300] loss: 0.327
2024-11-23 12:54:12.161 | INFO     | Client:train:139 - [8,   400] loss: 0.304
2024-11-23 12:54:12.294 | INFO     | Client:train:139 - [8,   500] loss: 0.312
2024-11-23 12:54:12.426 | INFO     | server:train_subset_of_clients:41 - Training epoch #8 on client #0
2024-11-23 12:54:12.427 | INFO     | Client:train:139 - [8,     0] loss: 0.001
2024-11-23 12:54:12.560 | INFO     | Client:train:139 - [8,   100] loss: 0.283
2024-11-23 12:54:12.694 | INFO     | Client:train:139 - [8,   200] loss: 0.349
2024-11-23 12:54:12.828 | INFO     | Client:train:139 - [8,   300] loss: 0.307
2024-11-23 12:54:12.962 | INFO     | Client:train:139 - [8,   400] loss: 0.341
2024-11-23 12:54:13.096 | INFO     | Client:train:139 - [8,   500] loss: 0.360
2024-11-23 12:54:13.232 | INFO     | server:train_subset_of_clients:44 - Averaging client parameters
2024-11-23 12:54:13.234 | INFO     | server:train_subset_of_clients:56 - Updating parameters on client #0
2024-11-23 12:54:13.235 | INFO     | server:train_subset_of_clients:56 - Updating parameters on client #1
2024-11-23 12:54:13.237 | INFO     | server:train_subset_of_clients:56 - Updating parameters on client #2
2024-11-23 12:54:13.238 | INFO     | server:train_subset_of_clients:56 - Updating parameters on client #3
2024-11-23 12:54:13.239 | INFO     | server:train_subset_of_clients:56 - Updating parameters on client #4
2024-11-23 12:54:13.241 | INFO     | server:train_subset_of_clients:56 - Updating parameters on client #5
2024-11-23 12:54:13.242 | INFO     | server:train_subset_of_clients:56 - Updating parameters on client #6
2024-11-23 12:54:13.243 | INFO     | server:train_subset_of_clients:56 - Updating parameters on client #7
2024-11-23 12:54:13.245 | INFO     | server:train_subset_of_clients:56 - Updating parameters on client #8
2024-11-23 12:54:13.246 | INFO     | server:train_subset_of_clients:56 - Updating parameters on client #9
2024-11-23 12:54:13.303 | DEBUG    | Client:test:203 - Test set: Accuracy: 8343/10000 (83%)
2024-11-23 12:54:13.303 | DEBUG    | Client:test:204 - Test set: Loss: 3.8414377570152283
2024-11-23 12:54:13.322 | DEBUG    | Client:test:205 - Classification Report:
              precision    recall  f1-score   support

           0       0.82      0.87      0.84      1000
           1       1.00      0.37      0.54      1000
           2       0.80      0.87      0.83      1000
           3       0.85      0.92      0.88      1000
           4       0.83      0.81      0.82      1000
           5       0.97      0.98      0.98      1000
           6       0.76      0.63      0.69      1000
           7       0.94      0.96      0.95      1000
           8       0.97      0.98      0.97      1000
           9       0.61      0.95      0.75      1000

    accuracy                           0.83     10000
   macro avg       0.86      0.83      0.83     10000
weighted avg       0.86      0.83      0.83     10000

2024-11-23 12:54:13.322 | DEBUG    | Client:test:206 - Confusion Matrix:
[[869   0  18  30   4   4  65   0  10   0]
 [  3 371   7  40   3   1   3   0   2 570]
 [ 14   0 867  12  59   0  45   0   3   0]
 [ 16   0  12 922  20   0  28   0   1   1]
 [  1   0  90  41 812   0  53   0   2   1]
 [  0   0   0   1   0 979   0  15   0   5]
 [154   0  91  34  74   0 631   0  16   0]
 [  0   0   0   0   0  16   0 961   0  23]
 [  0   0   3   7   2   3   2   5 978   0]
 [  0   0   0   0   0   4   0  42   1 953]]
2024-11-23 12:54:13.322 | DEBUG    | Client:test:207 - Class precision: [0.82213813 1.         0.796875   0.84820607 0.83367556 0.97219464
 0.76299879 0.93939394 0.96544916 0.613651  ]
2024-11-23 12:54:13.323 | DEBUG    | Client:test:208 - Class recall: [0.869 0.371 0.867 0.922 0.812 0.979 0.631 0.961 0.978 0.953]
2024-11-23 12:54:13.323 | INFO     | server:train_subset_of_clients:41 - Training epoch #9 on client #4
2024-11-23 12:54:13.325 | INFO     | Client:train:139 - [9,     0] loss: 0.008
2024-11-23 12:54:13.453 | INFO     | Client:train:139 - [9,   100] loss: 0.290
2024-11-23 12:54:13.583 | INFO     | Client:train:139 - [9,   200] loss: 0.286
2024-11-23 12:54:13.711 | INFO     | Client:train:139 - [9,   300] loss: 0.348
2024-11-23 12:54:13.843 | INFO     | Client:train:139 - [9,   400] loss: 0.372
2024-11-23 12:54:13.971 | INFO     | Client:train:139 - [9,   500] loss: 0.321
2024-11-23 12:54:14.100 | INFO     | server:train_subset_of_clients:41 - Training epoch #9 on client #8
2024-11-23 12:54:14.102 | INFO     | Client:train:139 - [9,     0] loss: 0.000
2024-11-23 12:54:14.232 | INFO     | Client:train:139 - [9,   100] loss: 0.255
2024-11-23 12:54:14.362 | INFO     | Client:train:139 - [9,   200] loss: 0.283
2024-11-23 12:54:14.490 | INFO     | Client:train:139 - [9,   300] loss: 0.356
2024-11-23 12:54:14.621 | INFO     | Client:train:139 - [9,   400] loss: 0.260
2024-11-23 12:54:14.750 | INFO     | Client:train:139 - [9,   500] loss: 0.309
2024-11-23 12:54:14.882 | INFO     | server:train_subset_of_clients:41 - Training epoch #9 on client #5
2024-11-23 12:54:14.884 | INFO     | Client:train:139 - [9,     0] loss: 0.007
2024-11-23 12:54:15.011 | INFO     | Client:train:139 - [9,   100] loss: 0.279
2024-11-23 12:54:15.141 | INFO     | Client:train:139 - [9,   200] loss: 0.295
2024-11-23 12:54:15.269 | INFO     | Client:train:139 - [9,   300] loss: 0.298
2024-11-23 12:54:15.396 | INFO     | Client:train:139 - [9,   400] loss: 0.324
2024-11-23 12:54:15.524 | INFO     | Client:train:139 - [9,   500] loss: 0.299
2024-11-23 12:54:15.651 | INFO     | server:train_subset_of_clients:41 - Training epoch #9 on client #1
2024-11-23 12:54:15.653 | INFO     | Client:train:139 - [9,     0] loss: 0.006
2024-11-23 12:54:15.782 | INFO     | Client:train:139 - [9,   100] loss: 0.298
2024-11-23 12:54:15.911 | INFO     | Client:train:139 - [9,   200] loss: 0.339
2024-11-23 12:54:16.040 | INFO     | Client:train:139 - [9,   300] loss: 0.266
2024-11-23 12:54:16.166 | INFO     | Client:train:139 - [9,   400] loss: 0.275
2024-11-23 12:54:16.292 | INFO     | Client:train:139 - [9,   500] loss: 0.308
2024-11-23 12:54:16.417 | INFO     | server:train_subset_of_clients:41 - Training epoch #9 on client #2
2024-11-23 12:54:16.419 | INFO     | Client:train:139 - [9,     0] loss: 0.004
2024-11-23 12:54:16.549 | INFO     | Client:train:139 - [9,   100] loss: 0.294
2024-11-23 12:54:16.682 | INFO     | Client:train:139 - [9,   200] loss: 0.326
2024-11-23 12:54:16.815 | INFO     | Client:train:139 - [9,   300] loss: 0.325
2024-11-23 12:54:16.948 | INFO     | Client:train:139 - [9,   400] loss: 0.283
2024-11-23 12:54:17.076 | INFO     | Client:train:139 - [9,   500] loss: 0.320
2024-11-23 12:54:17.202 | INFO     | server:train_subset_of_clients:41 - Training epoch #9 on client #3
2024-11-23 12:54:17.204 | INFO     | Client:train:139 - [9,     0] loss: 0.001
2024-11-23 12:54:17.336 | INFO     | Client:train:139 - [9,   100] loss: 0.321
2024-11-23 12:54:17.464 | INFO     | Client:train:139 - [9,   200] loss: 0.345
2024-11-23 12:54:17.593 | INFO     | Client:train:139 - [9,   300] loss: 0.316
2024-11-23 12:54:17.721 | INFO     | Client:train:139 - [9,   400] loss: 0.280
2024-11-23 12:54:17.852 | INFO     | Client:train:139 - [9,   500] loss: 0.271
2024-11-23 12:54:17.979 | INFO     | server:train_subset_of_clients:41 - Training epoch #9 on client #9
2024-11-23 12:54:17.981 | INFO     | Client:train:139 - [9,     0] loss: 0.001
2024-11-23 12:54:18.112 | INFO     | Client:train:139 - [9,   100] loss: 0.274
2024-11-23 12:54:18.243 | INFO     | Client:train:139 - [9,   200] loss: 0.312
2024-11-23 12:54:18.372 | INFO     | Client:train:139 - [9,   300] loss: 0.265
2024-11-23 12:54:18.500 | INFO     | Client:train:139 - [9,   400] loss: 0.288
2024-11-23 12:54:18.631 | INFO     | Client:train:139 - [9,   500] loss: 0.304
2024-11-23 12:54:18.760 | INFO     | server:train_subset_of_clients:41 - Training epoch #9 on client #7
2024-11-23 12:54:18.762 | INFO     | Client:train:139 - [9,     0] loss: 0.005
2024-11-23 12:54:18.892 | INFO     | Client:train:139 - [9,   100] loss: 0.274
2024-11-23 12:54:19.021 | INFO     | Client:train:139 - [9,   200] loss: 0.292
2024-11-23 12:54:19.150 | INFO     | Client:train:139 - [9,   300] loss: 0.326
2024-11-23 12:54:19.281 | INFO     | Client:train:139 - [9,   400] loss: 0.342
2024-11-23 12:54:19.411 | INFO     | Client:train:139 - [9,   500] loss: 0.314
2024-11-23 12:54:19.539 | INFO     | server:train_subset_of_clients:41 - Training epoch #9 on client #0
2024-11-23 12:54:19.541 | INFO     | Client:train:139 - [9,     0] loss: 0.008
2024-11-23 12:54:19.670 | INFO     | Client:train:139 - [9,   100] loss: 0.280
2024-11-23 12:54:19.799 | INFO     | Client:train:139 - [9,   200] loss: 0.311
2024-11-23 12:54:19.928 | INFO     | Client:train:139 - [9,   300] loss: 0.296
2024-11-23 12:54:20.058 | INFO     | Client:train:139 - [9,   400] loss: 0.307
2024-11-23 12:54:20.185 | INFO     | Client:train:139 - [9,   500] loss: 0.297
2024-11-23 12:54:20.313 | INFO     | server:train_subset_of_clients:41 - Training epoch #9 on client #6
2024-11-23 12:54:20.315 | INFO     | Client:train:139 - [9,     0] loss: 0.006
2024-11-23 12:54:20.442 | INFO     | Client:train:139 - [9,   100] loss: 0.268
2024-11-23 12:54:20.570 | INFO     | Client:train:139 - [9,   200] loss: 0.250
2024-11-23 12:54:20.699 | INFO     | Client:train:139 - [9,   300] loss: 0.301
2024-11-23 12:54:20.827 | INFO     | Client:train:139 - [9,   400] loss: 0.328
2024-11-23 12:54:20.955 | INFO     | Client:train:139 - [9,   500] loss: 0.299
2024-11-23 12:54:21.082 | INFO     | server:train_subset_of_clients:44 - Averaging client parameters
2024-11-23 12:54:21.084 | INFO     | server:train_subset_of_clients:56 - Updating parameters on client #0
2024-11-23 12:54:21.085 | INFO     | server:train_subset_of_clients:56 - Updating parameters on client #1
2024-11-23 12:54:21.086 | INFO     | server:train_subset_of_clients:56 - Updating parameters on client #2
2024-11-23 12:54:21.088 | INFO     | server:train_subset_of_clients:56 - Updating parameters on client #3
2024-11-23 12:54:21.089 | INFO     | server:train_subset_of_clients:56 - Updating parameters on client #4
2024-11-23 12:54:21.090 | INFO     | server:train_subset_of_clients:56 - Updating parameters on client #5
2024-11-23 12:54:21.092 | INFO     | server:train_subset_of_clients:56 - Updating parameters on client #6
2024-11-23 12:54:21.093 | INFO     | server:train_subset_of_clients:56 - Updating parameters on client #7
2024-11-23 12:54:21.094 | INFO     | server:train_subset_of_clients:56 - Updating parameters on client #8
2024-11-23 12:54:21.096 | INFO     | server:train_subset_of_clients:56 - Updating parameters on client #9
2024-11-23 12:54:21.151 | DEBUG    | Client:test:203 - Test set: Accuracy: 8225/10000 (82%)
2024-11-23 12:54:21.151 | DEBUG    | Client:test:204 - Test set: Loss: 3.8841016590595245
2024-11-23 12:54:21.170 | DEBUG    | Client:test:205 - Classification Report:
              precision    recall  f1-score   support

           0       0.82      0.88      0.85      1000
           1       1.00      0.26      0.41      1000
           2       0.79      0.87      0.83      1000
           3       0.88      0.89      0.89      1000
           4       0.84      0.80      0.82      1000
           5       0.98      0.97      0.97      1000
           6       0.74      0.66      0.70      1000
           7       0.95      0.95      0.95      1000
           8       0.97      0.98      0.98      1000
           9       0.57      0.97      0.72      1000

    accuracy                           0.82     10000
   macro avg       0.85      0.82      0.81     10000
weighted avg       0.85      0.82      0.81     10000

2024-11-23 12:54:21.170 | DEBUG    | Client:test:206 - Confusion Matrix:
[[880   0  18  14   4   4  71   0   9   0]
 [  4 258   5  33   3   0   2   0   2 693]
 [ 15   0 869   9  50   0  54   0   3   0]
 [ 19   0  16 891  33   0  39   0   1   1]
 [  1   0 105  32 801   0  60   0   0   1]
 [  0   0   0   1   0 972   0  17   0  10]
 [154   0  88  26  66   0 655   0  11   0]
 [  0   0   0   0   0  13   0 950   0  37]
 [  0   0   4   6   2   2   2   5 979   0]
 [  0   0   0   0   0   3   0  26   1 970]]
2024-11-23 12:54:21.170 | DEBUG    | Client:test:207 - Class precision: [0.82013048 1.         0.78642534 0.88043478 0.83524505 0.9778672
 0.74178935 0.95190381 0.97316103 0.56658879]
2024-11-23 12:54:21.171 | DEBUG    | Client:test:208 - Class recall: [0.88  0.258 0.869 0.891 0.801 0.972 0.655 0.95  0.979 0.97 ]
2024-11-23 12:54:21.171 | INFO     | server:train_subset_of_clients:41 - Training epoch #10 on client #6
2024-11-23 12:54:21.173 | INFO     | Client:train:139 - [10,     0] loss: 0.003
2024-11-23 12:54:21.299 | INFO     | Client:train:139 - [10,   100] loss: 0.296
2024-11-23 12:54:21.424 | INFO     | Client:train:139 - [10,   200] loss: 0.292
2024-11-23 12:54:21.549 | INFO     | Client:train:139 - [10,   300] loss: 0.267
2024-11-23 12:54:21.674 | INFO     | Client:train:139 - [10,   400] loss: 0.275
2024-11-23 12:54:21.802 | INFO     | Client:train:139 - [10,   500] loss: 0.280
2024-11-23 12:54:21.927 | INFO     | server:train_subset_of_clients:41 - Training epoch #10 on client #4
2024-11-23 12:54:21.929 | INFO     | Client:train:139 - [10,     0] loss: 0.004
2024-11-23 12:54:22.055 | INFO     | Client:train:139 - [10,   100] loss: 0.267
2024-11-23 12:54:22.180 | INFO     | Client:train:139 - [10,   200] loss: 0.318
2024-11-23 12:54:22.305 | INFO     | Client:train:139 - [10,   300] loss: 0.353
2024-11-23 12:54:22.430 | INFO     | Client:train:139 - [10,   400] loss: 0.304
2024-11-23 12:54:22.556 | INFO     | Client:train:139 - [10,   500] loss: 0.340
2024-11-23 12:54:22.680 | INFO     | server:train_subset_of_clients:41 - Training epoch #10 on client #7
2024-11-23 12:54:22.681 | INFO     | Client:train:139 - [10,     0] loss: 0.001
2024-11-23 12:54:22.811 | INFO     | Client:train:139 - [10,   100] loss: 0.338
2024-11-23 12:54:22.936 | INFO     | Client:train:139 - [10,   200] loss: 0.336
2024-11-23 12:54:23.061 | INFO     | Client:train:139 - [10,   300] loss: 0.292
2024-11-23 12:54:23.188 | INFO     | Client:train:139 - [10,   400] loss: 0.275
2024-11-23 12:54:23.317 | INFO     | Client:train:139 - [10,   500] loss: 0.294
2024-11-23 12:54:23.445 | INFO     | server:train_subset_of_clients:41 - Training epoch #10 on client #9
2024-11-23 12:54:23.447 | INFO     | Client:train:139 - [10,     0] loss: 0.001
2024-11-23 12:54:23.578 | INFO     | Client:train:139 - [10,   100] loss: 0.256
2024-11-23 12:54:23.706 | INFO     | Client:train:139 - [10,   200] loss: 0.326
2024-11-23 12:54:23.837 | INFO     | Client:train:139 - [10,   300] loss: 0.262
2024-11-23 12:54:23.965 | INFO     | Client:train:139 - [10,   400] loss: 0.325
2024-11-23 12:54:24.094 | INFO     | Client:train:139 - [10,   500] loss: 0.300
2024-11-23 12:54:24.222 | INFO     | server:train_subset_of_clients:41 - Training epoch #10 on client #8
2024-11-23 12:54:24.223 | INFO     | Client:train:139 - [10,     0] loss: 0.007
2024-11-23 12:54:24.353 | INFO     | Client:train:139 - [10,   100] loss: 0.313
2024-11-23 12:54:24.480 | INFO     | Client:train:139 - [10,   200] loss: 0.292
2024-11-23 12:54:24.616 | INFO     | Client:train:139 - [10,   300] loss: 0.281
2024-11-23 12:54:24.744 | INFO     | Client:train:139 - [10,   400] loss: 0.269
2024-11-23 12:54:24.873 | INFO     | Client:train:139 - [10,   500] loss: 0.307
2024-11-23 12:54:24.999 | INFO     | server:train_subset_of_clients:41 - Training epoch #10 on client #1
2024-11-23 12:54:25.001 | INFO     | Client:train:139 - [10,     0] loss: 0.005
2024-11-23 12:54:25.130 | INFO     | Client:train:139 - [10,   100] loss: 0.248
2024-11-23 12:54:25.257 | INFO     | Client:train:139 - [10,   200] loss: 0.286
2024-11-23 12:54:25.385 | INFO     | Client:train:139 - [10,   300] loss: 0.292
2024-11-23 12:54:25.513 | INFO     | Client:train:139 - [10,   400] loss: 0.304
2024-11-23 12:54:25.640 | INFO     | Client:train:139 - [10,   500] loss: 0.292
2024-11-23 12:54:25.765 | INFO     | server:train_subset_of_clients:41 - Training epoch #10 on client #0
2024-11-23 12:54:25.767 | INFO     | Client:train:139 - [10,     0] loss: 0.010
2024-11-23 12:54:25.894 | INFO     | Client:train:139 - [10,   100] loss: 0.312
2024-11-23 12:54:26.020 | INFO     | Client:train:139 - [10,   200] loss: 0.301
2024-11-23 12:54:26.146 | INFO     | Client:train:139 - [10,   300] loss: 0.294
2024-11-23 12:54:26.273 | INFO     | Client:train:139 - [10,   400] loss: 0.295
2024-11-23 12:54:26.399 | INFO     | Client:train:139 - [10,   500] loss: 0.299
2024-11-23 12:54:26.525 | INFO     | server:train_subset_of_clients:41 - Training epoch #10 on client #5
2024-11-23 12:54:26.527 | INFO     | Client:train:139 - [10,     0] loss: 0.000
2024-11-23 12:54:26.654 | INFO     | Client:train:139 - [10,   100] loss: 0.276
2024-11-23 12:54:26.785 | INFO     | Client:train:139 - [10,   200] loss: 0.280
2024-11-23 12:54:26.913 | INFO     | Client:train:139 - [10,   300] loss: 0.266
2024-11-23 12:54:27.040 | INFO     | Client:train:139 - [10,   400] loss: 0.330
2024-11-23 12:54:27.167 | INFO     | Client:train:139 - [10,   500] loss: 0.284
2024-11-23 12:54:27.294 | INFO     | server:train_subset_of_clients:41 - Training epoch #10 on client #2
2024-11-23 12:54:27.296 | INFO     | Client:train:139 - [10,     0] loss: 0.007
2024-11-23 12:54:27.423 | INFO     | Client:train:139 - [10,   100] loss: 0.293
2024-11-23 12:54:27.549 | INFO     | Client:train:139 - [10,   200] loss: 0.300
2024-11-23 12:54:27.677 | INFO     | Client:train:139 - [10,   300] loss: 0.295
2024-11-23 12:54:27.804 | INFO     | Client:train:139 - [10,   400] loss: 0.329
2024-11-23 12:54:27.931 | INFO     | Client:train:139 - [10,   500] loss: 0.286
2024-11-23 12:54:28.056 | INFO     | server:train_subset_of_clients:41 - Training epoch #10 on client #3
2024-11-23 12:54:28.058 | INFO     | Client:train:139 - [10,     0] loss: 0.003
2024-11-23 12:54:28.186 | INFO     | Client:train:139 - [10,   100] loss: 0.244
2024-11-23 12:54:28.315 | INFO     | Client:train:139 - [10,   200] loss: 0.314
2024-11-23 12:54:28.442 | INFO     | Client:train:139 - [10,   300] loss: 0.302
2024-11-23 12:54:28.572 | INFO     | Client:train:139 - [10,   400] loss: 0.310
2024-11-23 12:54:28.700 | INFO     | Client:train:139 - [10,   500] loss: 0.296
2024-11-23 12:54:28.829 | INFO     | server:train_subset_of_clients:44 - Averaging client parameters
2024-11-23 12:54:28.831 | INFO     | server:train_subset_of_clients:56 - Updating parameters on client #0
2024-11-23 12:54:28.833 | INFO     | server:train_subset_of_clients:56 - Updating parameters on client #1
2024-11-23 12:54:28.834 | INFO     | server:train_subset_of_clients:56 - Updating parameters on client #2
2024-11-23 12:54:28.835 | INFO     | server:train_subset_of_clients:56 - Updating parameters on client #3
2024-11-23 12:54:28.837 | INFO     | server:train_subset_of_clients:56 - Updating parameters on client #4
2024-11-23 12:54:28.838 | INFO     | server:train_subset_of_clients:56 - Updating parameters on client #5
2024-11-23 12:54:28.839 | INFO     | server:train_subset_of_clients:56 - Updating parameters on client #6
2024-11-23 12:54:28.841 | INFO     | server:train_subset_of_clients:56 - Updating parameters on client #7
2024-11-23 12:54:28.842 | INFO     | server:train_subset_of_clients:56 - Updating parameters on client #8
2024-11-23 12:54:28.843 | INFO     | server:train_subset_of_clients:56 - Updating parameters on client #9
2024-11-23 12:54:28.898 | DEBUG    | Client:test:203 - Test set: Accuracy: 8212/10000 (82%)
2024-11-23 12:54:28.899 | DEBUG    | Client:test:204 - Test set: Loss: 3.8360179364681244
2024-11-23 12:54:28.917 | DEBUG    | Client:test:205 - Classification Report:
              precision    recall  f1-score   support

           0       0.85      0.86      0.85      1000
           1       1.00      0.20      0.33      1000
           2       0.83      0.86      0.84      1000
           3       0.88      0.90      0.89      1000
           4       0.82      0.85      0.84      1000
           5       0.98      0.97      0.98      1000
           6       0.73      0.67      0.70      1000
           7       0.95      0.95      0.95      1000
           8       0.97      0.98      0.98      1000
           9       0.55      0.97      0.70      1000

    accuracy                           0.82     10000
   macro avg       0.86      0.82      0.81     10000
weighted avg       0.86      0.82      0.81     10000

2024-11-23 12:54:28.917 | DEBUG    | Client:test:206 - Confusion Matrix:
[[861   0  19  17   5   4  85   0   9   0]
 [  4 197   4  31   6   0   2   0   2 754]
 [ 11   0 859   9  62   0  56   0   3   0]
 [ 14   0  13 900  27   0  44   0   1   1]
 [  1   0  64  32 848   0  53   0   1   1]
 [  0   0   0   1   0 975   0  14   0  10]
 [127   0  79  28  81   0 672   0  13   0]
 [  0   0   0   0   0  14   0 954   0  32]
 [  0   0   3   5   2   3   2   5 979   1]
 [  0   0   0   0   0   3   1  29   0 967]]
2024-11-23 12:54:28.918 | DEBUG    | Client:test:207 - Class precision: [0.84577603 1.         0.82516811 0.8797654  0.82250242 0.97597598
 0.73442623 0.95209581 0.97123016 0.54756512]
2024-11-23 12:54:28.918 | DEBUG    | Client:test:208 - Class recall: [0.861 0.197 0.859 0.9   0.848 0.975 0.672 0.954 0.979 0.967]
